<?xml version="1.0" encoding="UTF-8"?>
<testsuite name="pracs1.springboot.web.IndexControllerTest" tests="1" skipped="0" failures="0" errors="0" timestamp="2022-03-23T10:59:59" hostname="DESKTOP-U26GOSF" time="0.353">
  <properties/>
  <testcase name="메인페이지_로딩()" classname="pracs1.springboot.web.IndexControllerTest" time="0.353"/>
  <system-out><![CDATA[2022-03-23 19:59:56.513  INFO 2684 --- [    Test worker] .b.t.c.SpringBootTestContextBootstrapper : Neither @ContextConfiguration nor @ContextHierarchy found for test class [pracs1.springboot.web.IndexControllerTest], using SpringBootContextLoader
2022-03-23 19:59:56.517  INFO 2684 --- [    Test worker] o.s.t.c.support.AbstractContextLoader    : Could not detect default resource locations for test class [pracs1.springboot.web.IndexControllerTest]: no resource found for suffixes {-context.xml, Context.groovy}.
2022-03-23 19:59:56.517  INFO 2684 --- [    Test worker] t.c.s.AnnotationConfigContextLoaderUtils : Could not detect default configuration classes for test class [pracs1.springboot.web.IndexControllerTest]: IndexControllerTest does not declare any static, non-private, non-final, nested classes annotated with @Configuration.
2022-03-23 19:59:56.521  INFO 2684 --- [    Test worker] .b.t.c.SpringBootTestContextBootstrapper : Found @SpringBootConfiguration pracs1.springboot.Application for test class pracs1.springboot.web.IndexControllerTest
2022-03-23 19:59:56.524  INFO 2684 --- [    Test worker] .b.t.c.SpringBootTestContextBootstrapper : Loaded default TestExecutionListener class names from location [META-INF/spring.factories]: [org.springframework.security.test.context.support.WithSecurityContextTestExecutionListener, org.springframework.security.test.context.support.ReactorContextTestExecutionListener, org.springframework.boot.test.autoconfigure.restdocs.RestDocsTestExecutionListener, org.springframework.boot.test.autoconfigure.web.client.MockRestServiceServerResetTestExecutionListener, org.springframework.boot.test.autoconfigure.web.servlet.MockMvcPrintOnlyOnFailureTestExecutionListener, org.springframework.boot.test.autoconfigure.web.servlet.WebDriverTestExecutionListener, org.springframework.boot.test.autoconfigure.webservices.client.MockWebServiceServerTestExecutionListener, org.springframework.boot.test.mock.mockito.MockitoTestExecutionListener, org.springframework.boot.test.mock.mockito.ResetMocksTestExecutionListener, org.springframework.test.context.web.ServletTestExecutionListener, org.springframework.test.context.support.DirtiesContextBeforeModesTestExecutionListener, org.springframework.test.context.support.DependencyInjectionTestExecutionListener, org.springframework.test.context.support.DirtiesContextTestExecutionListener, org.springframework.test.context.transaction.TransactionalTestExecutionListener, org.springframework.test.context.jdbc.SqlScriptsTestExecutionListener, org.springframework.test.context.event.EventPublishingTestExecutionListener]
2022-03-23 19:59:56.527  INFO 2684 --- [    Test worker] .b.t.c.SpringBootTestContextBootstrapper : Using TestExecutionListeners: [org.springframework.test.context.web.ServletTestExecutionListener@5fa99c87, org.springframework.test.context.support.DirtiesContextBeforeModesTestExecutionListener@1b248a0, org.springframework.boot.test.mock.mockito.MockitoTestExecutionListener@20d13d30, org.springframework.boot.test.autoconfigure.SpringBootDependencyInjectionTestExecutionListener@407f0b6d, org.springframework.test.context.support.DirtiesContextTestExecutionListener@53a1fa41, org.springframework.test.context.transaction.TransactionalTestExecutionListener@40454fdd, org.springframework.test.context.jdbc.SqlScriptsTestExecutionListener@69d4c258, org.springframework.security.test.context.support.WithSecurityContextTestExecutionListener@51c8986c, org.springframework.test.context.event.EventPublishingTestExecutionListener@de703e6, org.springframework.security.test.context.support.ReactorContextTestExecutionListener@67b68e20, org.springframework.boot.test.autoconfigure.restdocs.RestDocsTestExecutionListener@283f568c, org.springframework.boot.test.autoconfigure.web.client.MockRestServiceServerResetTestExecutionListener@3da1b01f, org.springframework.boot.test.autoconfigure.web.servlet.MockMvcPrintOnlyOnFailureTestExecutionListener@8ec7c7e, org.springframework.boot.test.autoconfigure.web.servlet.WebDriverTestExecutionListener@5b7824cd, org.springframework.boot.test.autoconfigure.webservices.client.MockWebServiceServerTestExecutionListener@9a18218, org.springframework.boot.test.mock.mockito.ResetMocksTestExecutionListener@39b0fa7b]

  .   ____          _            __ _ _
 /\\ / ___'_ __ _ _(_)_ __  __ _ \ \ \ \
( ( )\___ | '_ | '_| | '_ \/ _` | \ \ \ \
 \\/  ___)| |_)| | | | | || (_| |  ) ) ) )
  '  |____| .__|_| |_|_| |_\__, | / / / /
 =========|_|==============|___/=/_/_/_/
 :: Spring Boot ::                (v2.4.1)

2022-03-23 19:59:56.595  INFO 2684 --- [    Test worker] p.springboot.web.IndexControllerTest     : Starting IndexControllerTest using Java 1.8.0_321 on DESKTOP-U26GOSF with PID 2684 (started by 권태현 in D:\pracs1)
2022-03-23 19:59:56.596  INFO 2684 --- [    Test worker] p.springboot.web.IndexControllerTest     : No active profile set, falling back to default profiles: default
2022-03-23 19:59:56.929  INFO 2684 --- [    Test worker] .s.d.r.c.RepositoryConfigurationDelegate : Bootstrapping Spring Data JPA repositories in DEFAULT mode.
2022-03-23 19:59:56.951  INFO 2684 --- [    Test worker] .s.d.r.c.RepositoryConfigurationDelegate : Finished Spring Data repository scanning in 22 ms. Found 2 JPA repository interfaces.
2022-03-23 19:59:57.452  INFO 2684 --- [    Test worker] o.s.b.w.embedded.tomcat.TomcatWebServer  : Tomcat initialized with port(s): 0 (http)
2022-03-23 19:59:57.474  INFO 2684 --- [    Test worker] o.apache.catalina.core.StandardService   : Starting service [Tomcat]
2022-03-23 19:59:57.475  INFO 2684 --- [    Test worker] org.apache.catalina.core.StandardEngine  : Starting Servlet engine: [Apache Tomcat/9.0.41]
2022-03-23 19:59:57.638  INFO 2684 --- [    Test worker] o.a.c.c.C.[Tomcat].[localhost].[/]       : Initializing Spring embedded WebApplicationContext
2022-03-23 19:59:57.638  INFO 2684 --- [    Test worker] w.s.c.ServletWebServerApplicationContext : Root WebApplicationContext: initialization completed in 1036 ms
2022-03-23 19:59:57.886  INFO 2684 --- [    Test worker] o.hibernate.jpa.internal.util.LogHelper  : HHH000204: Processing PersistenceUnitInfo [name: default]
2022-03-23 19:59:57.895  INFO 2684 --- [    Test worker] com.zaxxer.hikari.HikariDataSource       : HikariPool-2 - Starting...
2022-03-23 19:59:57.901  INFO 2684 --- [    Test worker] com.zaxxer.hikari.HikariDataSource       : HikariPool-2 - Start completed.
2022-03-23 19:59:57.901  INFO 2684 --- [    Test worker] org.hibernate.dialect.Dialect            : HHH000400: Using dialect: org.hibernate.dialect.H2Dialect
2022-03-23 19:59:57.993  INFO 2684 --- [    Test worker] o.h.e.t.j.p.i.JtaPlatformInitiator       : HHH000490: Using JtaPlatform implementation: [org.hibernate.engine.transaction.jta.platform.internal.NoJtaPlatform]
2022-03-23 19:59:57.993  INFO 2684 --- [    Test worker] j.LocalContainerEntityManagerFactoryBean : Initialized JPA EntityManagerFactory for persistence unit 'default'
2022-03-23 19:59:58.384  WARN 2684 --- [    Test worker] JpaBaseConfiguration$JpaWebConfiguration : spring.jpa.open-in-view is enabled by default. Therefore, database queries may be performed during view rendering. Explicitly configure spring.jpa.open-in-view to disable this warning
2022-03-23 19:59:58.666  INFO 2684 --- [    Test worker] o.s.s.web.DefaultSecurityFilterChain     : Will secure any request with [org.springframework.security.web.context.request.async.WebAsyncManagerIntegrationFilter@12efa45b, org.springframework.security.web.context.SecurityContextPersistenceFilter@588520d2, org.springframework.security.web.header.HeaderWriterFilter@10fdece5, org.springframework.security.web.authentication.logout.LogoutFilter@541fa56c, org.springframework.security.oauth2.client.web.OAuth2AuthorizationRequestRedirectFilter@4559caa2, org.springframework.security.oauth2.client.web.OAuth2LoginAuthenticationFilter@eb80a27, org.springframework.security.web.authentication.ui.DefaultLoginPageGeneratingFilter@8061114, org.springframework.security.web.authentication.ui.DefaultLogoutPageGeneratingFilter@2452a011, org.springframework.security.web.savedrequest.RequestCacheAwareFilter@45fd076b, org.springframework.security.web.servletapi.SecurityContextHolderAwareRequestFilter@3a9851f5, org.springframework.security.web.authentication.AnonymousAuthenticationFilter@2fd572e3, org.springframework.security.web.session.SessionManagementFilter@23b233c9, org.springframework.security.web.access.ExceptionTranslationFilter@6f2e5970, org.springframework.security.web.access.intercept.FilterSecurityInterceptor@2c634d0a]
2022-03-23 19:59:58.852  INFO 2684 --- [    Test worker] o.s.s.concurrent.ThreadPoolTaskExecutor  : Initializing ExecutorService 'applicationTaskExecutor'
2022-03-23 19:59:58.907  INFO 2684 --- [    Test worker] o.s.b.a.w.s.WelcomePageHandlerMapping    : Adding welcome page template: index
2022-03-23 19:59:59.246  INFO 2684 --- [    Test worker] o.s.b.w.embedded.tomcat.TomcatWebServer  : Tomcat started on port(s): 13521 (http) with context path ''
2022-03-23 19:59:59.250  INFO 2684 --- [    Test worker] s.a.ScheduledAnnotationBeanPostProcessor : No TaskScheduler/ScheduledExecutorService bean found for scheduled processing
2022-03-23 19:59:59.251  INFO 2684 --- [    Test worker] p.springboot.web.IndexControllerTest     : Started IndexControllerTest in 2.72 seconds (JVM running for 15.766)
2022-03-23 19:59:59.428  INFO 2684 --- [o-auto-1-exec-1] o.a.c.c.C.[Tomcat].[localhost].[/]       : Initializing Spring DispatcherServlet 'dispatcherServlet'
2022-03-23 19:59:59.429  INFO 2684 --- [o-auto-1-exec-1] o.s.web.servlet.DispatcherServlet        : Initializing Servlet 'dispatcherServlet'
2022-03-23 19:59:59.431  INFO 2684 --- [o-auto-1-exec-1] o.s.web.servlet.DispatcherServlet        : Completed initialization in 1 ms
]]></system-out>
  <system-err><![CDATA[]]></system-err>
</testsuite>
