<?xml version="1.0" encoding="UTF-8"?>
<testsuite name="pracs1.springboot.domain.posts.PostsRepositoryTest" tests="2" skipped="0" failures="0" errors="0" timestamp="2022-03-23T10:59:54" hostname="DESKTOP-U26GOSF" time="0.515">
  <properties/>
  <testcase name="게시글저장_불러오기()" classname="pracs1.springboot.domain.posts.PostsRepositoryTest" time="0.488"/>
  <testcase name="BaseTimeEntity등록()" classname="pracs1.springboot.domain.posts.PostsRepositoryTest" time="0.025"/>
  <system-out><![CDATA[19:59:45.122 [Test worker] DEBUG org.springframework.test.context.BootstrapUtils - Instantiating CacheAwareContextLoaderDelegate from class [org.springframework.test.context.cache.DefaultCacheAwareContextLoaderDelegate]
19:59:45.147 [Test worker] DEBUG org.springframework.test.context.BootstrapUtils - Instantiating BootstrapContext using constructor [public org.springframework.test.context.support.DefaultBootstrapContext(java.lang.Class,org.springframework.test.context.CacheAwareContextLoaderDelegate)]
19:59:45.215 [Test worker] DEBUG org.springframework.test.context.BootstrapUtils - Instantiating TestContextBootstrapper for test class [pracs1.springboot.domain.posts.PostsRepositoryTest] from class [org.springframework.boot.test.context.SpringBootTestContextBootstrapper]
19:59:45.236 [Test worker] INFO org.springframework.boot.test.context.SpringBootTestContextBootstrapper - Neither @ContextConfiguration nor @ContextHierarchy found for test class [pracs1.springboot.domain.posts.PostsRepositoryTest], using SpringBootContextLoader
19:59:45.243 [Test worker] DEBUG org.springframework.test.context.support.AbstractContextLoader - Did not detect default resource location for test class [pracs1.springboot.domain.posts.PostsRepositoryTest]: class path resource [pracs1/springboot/domain/posts/PostsRepositoryTest-context.xml] does not exist
19:59:45.244 [Test worker] DEBUG org.springframework.test.context.support.AbstractContextLoader - Did not detect default resource location for test class [pracs1.springboot.domain.posts.PostsRepositoryTest]: class path resource [pracs1/springboot/domain/posts/PostsRepositoryTestContext.groovy] does not exist
19:59:45.244 [Test worker] INFO org.springframework.test.context.support.AbstractContextLoader - Could not detect default resource locations for test class [pracs1.springboot.domain.posts.PostsRepositoryTest]: no resource found for suffixes {-context.xml, Context.groovy}.
19:59:45.246 [Test worker] INFO org.springframework.test.context.support.AnnotationConfigContextLoaderUtils - Could not detect default configuration classes for test class [pracs1.springboot.domain.posts.PostsRepositoryTest]: PostsRepositoryTest does not declare any static, non-private, non-final, nested classes annotated with @Configuration.
19:59:45.335 [Test worker] DEBUG org.springframework.test.context.support.ActiveProfilesUtils - Could not find an 'annotation declaring class' for annotation type [org.springframework.test.context.ActiveProfiles] and class [pracs1.springboot.domain.posts.PostsRepositoryTest]
19:59:45.455 [Test worker] DEBUG org.springframework.context.annotation.ClassPathScanningCandidateComponentProvider - Identified candidate component class: file [D:\pracs1\build\classes\java\main\pracs1\springboot\Application.class]
19:59:45.457 [Test worker] INFO org.springframework.boot.test.context.SpringBootTestContextBootstrapper - Found @SpringBootConfiguration pracs1.springboot.Application for test class pracs1.springboot.domain.posts.PostsRepositoryTest
19:59:45.636 [Test worker] DEBUG org.springframework.boot.test.context.SpringBootTestContextBootstrapper - @TestExecutionListeners is not present for class [pracs1.springboot.domain.posts.PostsRepositoryTest]: using defaults.
19:59:45.637 [Test worker] INFO org.springframework.boot.test.context.SpringBootTestContextBootstrapper - Loaded default TestExecutionListener class names from location [META-INF/spring.factories]: [org.springframework.security.test.context.support.WithSecurityContextTestExecutionListener, org.springframework.security.test.context.support.ReactorContextTestExecutionListener, org.springframework.boot.test.autoconfigure.restdocs.RestDocsTestExecutionListener, org.springframework.boot.test.autoconfigure.web.client.MockRestServiceServerResetTestExecutionListener, org.springframework.boot.test.autoconfigure.web.servlet.MockMvcPrintOnlyOnFailureTestExecutionListener, org.springframework.boot.test.autoconfigure.web.servlet.WebDriverTestExecutionListener, org.springframework.boot.test.autoconfigure.webservices.client.MockWebServiceServerTestExecutionListener, org.springframework.boot.test.mock.mockito.MockitoTestExecutionListener, org.springframework.boot.test.mock.mockito.ResetMocksTestExecutionListener, org.springframework.test.context.web.ServletTestExecutionListener, org.springframework.test.context.support.DirtiesContextBeforeModesTestExecutionListener, org.springframework.test.context.support.DependencyInjectionTestExecutionListener, org.springframework.test.context.support.DirtiesContextTestExecutionListener, org.springframework.test.context.transaction.TransactionalTestExecutionListener, org.springframework.test.context.jdbc.SqlScriptsTestExecutionListener, org.springframework.test.context.event.EventPublishingTestExecutionListener]
19:59:45.674 [Test worker] INFO org.springframework.boot.test.context.SpringBootTestContextBootstrapper - Using TestExecutionListeners: [org.springframework.test.context.web.ServletTestExecutionListener@1fac030d, org.springframework.test.context.support.DirtiesContextBeforeModesTestExecutionListener@23991f0, org.springframework.boot.test.mock.mockito.MockitoTestExecutionListener@19b55111, org.springframework.boot.test.autoconfigure.SpringBootDependencyInjectionTestExecutionListener@22765279, org.springframework.test.context.support.DirtiesContextTestExecutionListener@5d3d8951, org.springframework.test.context.transaction.TransactionalTestExecutionListener@13453517, org.springframework.test.context.jdbc.SqlScriptsTestExecutionListener@20cbd3b7, org.springframework.security.test.context.support.WithSecurityContextTestExecutionListener@30beb84d, org.springframework.test.context.event.EventPublishingTestExecutionListener@1f8c80a, org.springframework.security.test.context.support.ReactorContextTestExecutionListener@3b2fa8af, org.springframework.boot.test.autoconfigure.restdocs.RestDocsTestExecutionListener@45879216, org.springframework.boot.test.autoconfigure.web.client.MockRestServiceServerResetTestExecutionListener@3e263b, org.springframework.boot.test.autoconfigure.web.servlet.MockMvcPrintOnlyOnFailureTestExecutionListener@474106ae, org.springframework.boot.test.autoconfigure.web.servlet.WebDriverTestExecutionListener@16da439, org.springframework.boot.test.autoconfigure.webservices.client.MockWebServiceServerTestExecutionListener@78838120, org.springframework.boot.test.mock.mockito.ResetMocksTestExecutionListener@97d7ff5]
19:59:45.680 [Test worker] DEBUG org.springframework.test.context.support.AbstractDirtiesContextTestExecutionListener - Before test class: context [DefaultTestContext@68f1f950 testClass = PostsRepositoryTest, testInstance = [null], testMethod = [null], testException = [null], mergedContextConfiguration = [WebMergedContextConfiguration@29ed9126 testClass = PostsRepositoryTest, locations = '{}', classes = '{class pracs1.springboot.Application}', contextInitializerClasses = '[]', activeProfiles = '{}', propertySourceLocations = '{}', propertySourceProperties = '{org.springframework.boot.test.context.SpringBootTestContextBootstrapper=true}', contextCustomizers = set[org.springframework.boot.test.autoconfigure.actuate.metrics.MetricsExportContextCustomizerFactory$DisableMetricExportContextCustomizer@61e39a71, org.springframework.boot.test.autoconfigure.properties.PropertyMappingContextCustomizer@0, org.springframework.boot.test.autoconfigure.web.servlet.WebDriverContextCustomizerFactory$Customizer@792e2e84, org.springframework.boot.test.context.filter.ExcludeFilterContextCustomizer@65cf6a5a, org.springframework.boot.test.json.DuplicateJsonObjectContextCustomizerFactory$DuplicateJsonObjectContextCustomizer@49083511, org.springframework.boot.test.mock.mockito.MockitoContextCustomizer@0, org.springframework.boot.test.web.client.TestRestTemplateContextCustomizer@321e33b3, org.springframework.boot.test.context.SpringBootTestArgs@1, org.springframework.boot.test.context.SpringBootTestWebEnvironment@45bd1aa6], resourceBasePath = 'src/main/webapp', contextLoader = 'org.springframework.boot.test.context.SpringBootContextLoader', parent = [null]], attributes = map['org.springframework.test.context.web.ServletTestExecutionListener.activateListener' -> true]], class annotated with @DirtiesContext [false] with mode [null].
19:59:45.731 [Test worker] DEBUG org.springframework.test.context.support.TestPropertySourceUtils - Adding inlined properties to environment: {spring.jmx.enabled=false, org.springframework.boot.test.context.SpringBootTestContextBootstrapper=true}

  .   ____          _            __ _ _
 /\\ / ___'_ __ _ _(_)_ __  __ _ \ \ \ \
( ( )\___ | '_ | '_| | '_ \/ _` | \ \ \ \
 \\/  ___)| |_)| | | | | || (_| |  ) ) ) )
  '  |____| .__|_| |_|_| |_\__, | / / / /
 =========|_|==============|___/=/_/_/_/
 :: Spring Boot ::                (v2.4.1)

2022-03-23 19:59:46.285  INFO 2684 --- [    Test worker] p.s.domain.posts.PostsRepositoryTest     : Starting PostsRepositoryTest using Java 1.8.0_321 on DESKTOP-U26GOSF with PID 2684 (started by 권태현 in D:\pracs1)
2022-03-23 19:59:46.290  INFO 2684 --- [    Test worker] p.s.domain.posts.PostsRepositoryTest     : No active profile set, falling back to default profiles: default
2022-03-23 19:59:47.499  INFO 2684 --- [    Test worker] .s.d.r.c.RepositoryConfigurationDelegate : Bootstrapping Spring Data JPA repositories in DEFAULT mode.
2022-03-23 19:59:47.615  INFO 2684 --- [    Test worker] .s.d.r.c.RepositoryConfigurationDelegate : Finished Spring Data repository scanning in 101 ms. Found 2 JPA repository interfaces.
2022-03-23 19:59:48.906  INFO 2684 --- [    Test worker] o.hibernate.jpa.internal.util.LogHelper  : HHH000204: Processing PersistenceUnitInfo [name: default]
2022-03-23 19:59:49.009  INFO 2684 --- [    Test worker] org.hibernate.Version                    : HHH000412: Hibernate ORM core version 5.4.25.Final
2022-03-23 19:59:49.298  INFO 2684 --- [    Test worker] o.hibernate.annotations.common.Version   : HCANN000001: Hibernate Commons Annotations {5.1.2.Final}
2022-03-23 19:59:49.501  INFO 2684 --- [    Test worker] com.zaxxer.hikari.HikariDataSource       : HikariPool-1 - Starting...
2022-03-23 19:59:49.615  INFO 2684 --- [    Test worker] com.zaxxer.hikari.HikariDataSource       : HikariPool-1 - Start completed.
2022-03-23 19:59:49.677  INFO 2684 --- [    Test worker] org.hibernate.dialect.Dialect            : HHH000400: Using dialect: org.hibernate.dialect.H2Dialect
2022-03-23 19:59:50.871  INFO 2684 --- [    Test worker] o.h.e.t.j.p.i.JtaPlatformInitiator       : HHH000490: Using JtaPlatform implementation: [org.hibernate.engine.transaction.jta.platform.internal.NoJtaPlatform]
2022-03-23 19:59:50.886  INFO 2684 --- [    Test worker] j.LocalContainerEntityManagerFactoryBean : Initialized JPA EntityManagerFactory for persistence unit 'default'
2022-03-23 19:59:51.715  WARN 2684 --- [    Test worker] JpaBaseConfiguration$JpaWebConfiguration : spring.jpa.open-in-view is enabled by default. Therefore, database queries may be performed during view rendering. Explicitly configure spring.jpa.open-in-view to disable this warning
2022-03-23 19:59:52.594  INFO 2684 --- [    Test worker] o.s.s.web.DefaultSecurityFilterChain     : Will secure any request with [org.springframework.security.web.context.request.async.WebAsyncManagerIntegrationFilter@2751d886, org.springframework.security.web.context.SecurityContextPersistenceFilter@4c2dc362, org.springframework.security.web.header.HeaderWriterFilter@53abcf06, org.springframework.security.web.authentication.logout.LogoutFilter@12fa140e, org.springframework.security.oauth2.client.web.OAuth2AuthorizationRequestRedirectFilter@aa462ae, org.springframework.security.oauth2.client.web.OAuth2LoginAuthenticationFilter@11107846, org.springframework.security.web.authentication.ui.DefaultLoginPageGeneratingFilter@1f243c49, org.springframework.security.web.authentication.ui.DefaultLogoutPageGeneratingFilter@16d9993d, org.springframework.security.web.savedrequest.RequestCacheAwareFilter@344a10a9, org.springframework.security.web.servletapi.SecurityContextHolderAwareRequestFilter@2fe85008, org.springframework.security.web.authentication.AnonymousAuthenticationFilter@edade58, org.springframework.security.web.session.SessionManagementFilter@7a58c712, org.springframework.security.web.access.ExceptionTranslationFilter@662be748, org.springframework.security.web.access.intercept.FilterSecurityInterceptor@2d96b1e2]
2022-03-23 19:59:53.559  INFO 2684 --- [    Test worker] o.s.s.concurrent.ThreadPoolTaskExecutor  : Initializing ExecutorService 'applicationTaskExecutor'
2022-03-23 19:59:53.750  INFO 2684 --- [    Test worker] o.s.b.a.w.s.WelcomePageHandlerMapping    : Adding welcome page template: index
2022-03-23 19:59:54.414  INFO 2684 --- [    Test worker] s.a.ScheduledAnnotationBeanPostProcessor : No TaskScheduler/ScheduledExecutorService bean found for scheduled processing
2022-03-23 19:59:54.430  INFO 2684 --- [    Test worker] p.s.domain.posts.PostsRepositoryTest     : Started PostsRepositoryTest in 8.689 seconds (JVM running for 10.945)
>>>>>>>>> createDate=2022-03-23T19:59:54.957, modifiedDate=2022-03-23T19:59:54.957
]]></system-out>
  <system-err><![CDATA[]]></system-err>
</testsuite>
