<?xml version="1.0" encoding="UTF-8"?>
<testsuite name="pracs1.springboot.web.dto.HelloResponseDtoTest" tests="1" skipped="0" failures="0" errors="0" timestamp="2022-03-23T10:59:54" hostname="DESKTOP-U26GOSF" time="0.005">
  <properties/>
  <testcase name="롬복_기능_테스트()" classname="pracs1.springboot.web.dto.HelloResponseDtoTest" time="0.005"/>
  <system-out><![CDATA[]]></system-out>
  <system-err><![CDATA[]]></system-err>
</testsuite>
