<?xml version="1.0" encoding="UTF-8"?>
<testsuite name="pracs1.springboot.web.HelloControllerTest" tests="2" skipped="0" failures="0" errors="0" timestamp="2022-03-31T09:51:22" hostname="DESKTOP-U26GOSF" time="0.089">
  <properties/>
  <testcase name="helloDto리턴()" classname="pracs1.springboot.web.HelloControllerTest" time="0.074"/>
  <testcase name="hello가_리턴된다()" classname="pracs1.springboot.web.HelloControllerTest" time="0.013"/>
  <system-out><![CDATA[2022-03-31 18:51:21.431  INFO 26488 --- [    Test worker] .b.t.a.w.s.WebMvcTestContextBootstrapper : Neither @ContextConfiguration nor @ContextHierarchy found for test class [pracs1.springboot.web.HelloControllerTest], using SpringBootContextLoader
2022-03-31 18:51:21.432  INFO 26488 --- [    Test worker] o.s.t.c.support.AbstractContextLoader    : Could not detect default resource locations for test class [pracs1.springboot.web.HelloControllerTest]: no resource found for suffixes {-context.xml, Context.groovy}.
2022-03-31 18:51:21.432  INFO 26488 --- [    Test worker] t.c.s.AnnotationConfigContextLoaderUtils : Could not detect default configuration classes for test class [pracs1.springboot.web.HelloControllerTest]: HelloControllerTest does not declare any static, non-private, non-final, nested classes annotated with @Configuration.
2022-03-31 18:51:21.457  INFO 26488 --- [    Test worker] .b.t.c.SpringBootTestContextBootstrapper : Found @SpringBootConfiguration pracs1.springboot.Application for test class pracs1.springboot.web.HelloControllerTest
2022-03-31 18:51:21.459  INFO 26488 --- [    Test worker] .b.t.a.w.s.WebMvcTestContextBootstrapper : Loaded default TestExecutionListener class names from location [META-INF/spring.factories]: [org.springframework.security.test.context.support.WithSecurityContextTestExecutionListener, org.springframework.security.test.context.support.ReactorContextTestExecutionListener, org.springframework.boot.test.autoconfigure.restdocs.RestDocsTestExecutionListener, org.springframework.boot.test.autoconfigure.web.client.MockRestServiceServerResetTestExecutionListener, org.springframework.boot.test.autoconfigure.web.servlet.MockMvcPrintOnlyOnFailureTestExecutionListener, org.springframework.boot.test.autoconfigure.web.servlet.WebDriverTestExecutionListener, org.springframework.boot.test.autoconfigure.webservices.client.MockWebServiceServerTestExecutionListener, org.springframework.boot.test.mock.mockito.MockitoTestExecutionListener, org.springframework.boot.test.mock.mockito.ResetMocksTestExecutionListener, org.springframework.test.context.web.ServletTestExecutionListener, org.springframework.test.context.support.DirtiesContextBeforeModesTestExecutionListener, org.springframework.test.context.support.DependencyInjectionTestExecutionListener, org.springframework.test.context.support.DirtiesContextTestExecutionListener, org.springframework.test.context.transaction.TransactionalTestExecutionListener, org.springframework.test.context.jdbc.SqlScriptsTestExecutionListener, org.springframework.test.context.event.EventPublishingTestExecutionListener]
2022-03-31 18:51:21.460  INFO 26488 --- [    Test worker] .b.t.a.w.s.WebMvcTestContextBootstrapper : Using TestExecutionListeners: [org.springframework.test.context.web.ServletTestExecutionListener@7d9b2f0f, org.springframework.test.context.support.DirtiesContextBeforeModesTestExecutionListener@64fa6171, org.springframework.boot.test.mock.mockito.MockitoTestExecutionListener@143ba3c8, org.springframework.boot.test.autoconfigure.SpringBootDependencyInjectionTestExecutionListener@5b127342, org.springframework.test.context.support.DirtiesContextTestExecutionListener@7fd5cc78, org.springframework.test.context.transaction.TransactionalTestExecutionListener@4813db1a, org.springframework.test.context.jdbc.SqlScriptsTestExecutionListener@17f1433, org.springframework.security.test.context.support.WithSecurityContextTestExecutionListener@493fff3d, org.springframework.test.context.event.EventPublishingTestExecutionListener@18585c6e, org.springframework.security.test.context.support.ReactorContextTestExecutionListener@4e459f74, org.springframework.boot.test.autoconfigure.restdocs.RestDocsTestExecutionListener@3762d403, org.springframework.boot.test.autoconfigure.web.client.MockRestServiceServerResetTestExecutionListener@19203c5, org.springframework.boot.test.autoconfigure.web.servlet.MockMvcPrintOnlyOnFailureTestExecutionListener@5bf394b5, org.springframework.boot.test.autoconfigure.web.servlet.WebDriverTestExecutionListener@39af0e80, org.springframework.boot.test.autoconfigure.webservices.client.MockWebServiceServerTestExecutionListener@184c077a, org.springframework.boot.test.mock.mockito.ResetMocksTestExecutionListener@951a39d]

  .   ____          _            __ _ _
 /\\ / ___'_ __ _ _(_)_ __  __ _ \ \ \ \
( ( )\___ | '_ | '_| | '_ \/ _` | \ \ \ \
 \\/  ___)| |_)| | | | | || (_| |  ) ) ) )
  '  |____| .__|_| |_|_| |_\__, | / / / /
 =========|_|==============|___/=/_/_/_/
 :: Spring Boot ::                (v2.4.1)

2022-03-31 18:51:21.501  INFO 26488 --- [    Test worker] p.springboot.web.HelloControllerTest     : Starting HelloControllerTest using Java 1.8.0_321 on DESKTOP-U26GOSF with PID 26488 (started by 권태현 in D:\pracs1)
2022-03-31 18:51:21.502  INFO 26488 --- [    Test worker] p.springboot.web.HelloControllerTest     : No active profile set, falling back to default profiles: default
2022-03-31 18:51:22.038  INFO 26488 --- [    Test worker] o.s.s.concurrent.ThreadPoolTaskExecutor  : Initializing ExecutorService 'applicationTaskExecutor'
2022-03-31 18:51:22.080  INFO 26488 --- [    Test worker] o.s.b.a.w.s.WelcomePageHandlerMapping    : Adding welcome page template: index
2022-03-31 18:51:22.511  INFO 26488 --- [    Test worker] o.s.s.web.DefaultSecurityFilterChain     : Will secure any request with [org.springframework.security.web.context.request.async.WebAsyncManagerIntegrationFilter@69e11c37, org.springframework.security.web.context.SecurityContextPersistenceFilter@380e26fa, org.springframework.security.web.header.HeaderWriterFilter@6fd2c40e, org.springframework.security.web.csrf.CsrfFilter@30cc7509, org.springframework.security.web.authentication.logout.LogoutFilter@386e4dfa, org.springframework.security.oauth2.client.web.OAuth2AuthorizationRequestRedirectFilter@c76b2f4, org.springframework.security.oauth2.client.web.OAuth2AuthorizationRequestRedirectFilter@1ad6a6e5, org.springframework.security.oauth2.client.web.OAuth2LoginAuthenticationFilter@20e885f4, org.springframework.security.web.authentication.ui.DefaultLoginPageGeneratingFilter@11115aaf, org.springframework.security.web.authentication.ui.DefaultLogoutPageGeneratingFilter@487b7850, org.springframework.security.web.savedrequest.RequestCacheAwareFilter@1866260e, org.springframework.security.web.servletapi.SecurityContextHolderAwareRequestFilter@61ed63b8, org.springframework.security.web.authentication.AnonymousAuthenticationFilter@12d2dd65, org.springframework.security.oauth2.client.web.OAuth2AuthorizationCodeGrantFilter@19487765, org.springframework.security.web.session.SessionManagementFilter@3c6580c0, org.springframework.security.web.access.ExceptionTranslationFilter@2cb18f2a, org.springframework.security.web.access.intercept.FilterSecurityInterceptor@4f823739]
2022-03-31 18:51:22.612  INFO 26488 --- [    Test worker] o.s.b.t.m.w.SpringBootMockServletContext : Initializing Spring TestDispatcherServlet ''
2022-03-31 18:51:22.613  INFO 26488 --- [    Test worker] o.s.t.web.servlet.TestDispatcherServlet  : Initializing Servlet ''
2022-03-31 18:51:22.614  INFO 26488 --- [    Test worker] o.s.t.web.servlet.TestDispatcherServlet  : Completed initialization in 1 ms
2022-03-31 18:51:22.638  INFO 26488 --- [    Test worker] p.springboot.web.HelloControllerTest     : Started HelloControllerTest in 1.171 seconds (JVM running for 21.43)
]]></system-out>
  <system-err><![CDATA[]]></system-err>
</testsuite>
