<?xml version="1.0" encoding="UTF-8"?>
<testsuite name="pracs1.springboot.web.IndexControllerTest" tests="1" skipped="0" failures="0" errors="0" timestamp="2022-04-06T08:46:59" hostname="DESKTOP-U26GOSF" time="0.326">
  <properties/>
  <testcase name="메인페이지_로딩()" classname="pracs1.springboot.web.IndexControllerTest" time="0.326"/>
  <system-out><![CDATA[2022-04-06 17:46:56.687  INFO 6648 --- [    Test worker] .b.t.c.SpringBootTestContextBootstrapper : Neither @ContextConfiguration nor @ContextHierarchy found for test class [pracs1.springboot.web.IndexControllerTest], using SpringBootContextLoader
2022-04-06 17:46:56.688  INFO 6648 --- [    Test worker] o.s.t.c.support.AbstractContextLoader    : Could not detect default resource locations for test class [pracs1.springboot.web.IndexControllerTest]: no resource found for suffixes {-context.xml, Context.groovy}.
2022-04-06 17:46:56.688  INFO 6648 --- [    Test worker] t.c.s.AnnotationConfigContextLoaderUtils : Could not detect default configuration classes for test class [pracs1.springboot.web.IndexControllerTest]: IndexControllerTest does not declare any static, non-private, non-final, nested classes annotated with @Configuration.
2022-04-06 17:46:56.692  INFO 6648 --- [    Test worker] .b.t.c.SpringBootTestContextBootstrapper : Found @SpringBootConfiguration pracs1.springboot.Application for test class pracs1.springboot.web.IndexControllerTest
2022-04-06 17:46:56.695  INFO 6648 --- [    Test worker] .b.t.c.SpringBootTestContextBootstrapper : Loaded default TestExecutionListener class names from location [META-INF/spring.factories]: [org.springframework.security.test.context.support.WithSecurityContextTestExecutionListener, org.springframework.security.test.context.support.ReactorContextTestExecutionListener, org.springframework.boot.test.autoconfigure.restdocs.RestDocsTestExecutionListener, org.springframework.boot.test.autoconfigure.web.client.MockRestServiceServerResetTestExecutionListener, org.springframework.boot.test.autoconfigure.web.servlet.MockMvcPrintOnlyOnFailureTestExecutionListener, org.springframework.boot.test.autoconfigure.web.servlet.WebDriverTestExecutionListener, org.springframework.boot.test.autoconfigure.webservices.client.MockWebServiceServerTestExecutionListener, org.springframework.boot.test.mock.mockito.MockitoTestExecutionListener, org.springframework.boot.test.mock.mockito.ResetMocksTestExecutionListener, org.springframework.test.context.web.ServletTestExecutionListener, org.springframework.test.context.support.DirtiesContextBeforeModesTestExecutionListener, org.springframework.test.context.support.DependencyInjectionTestExecutionListener, org.springframework.test.context.support.DirtiesContextTestExecutionListener, org.springframework.test.context.transaction.TransactionalTestExecutionListener, org.springframework.test.context.jdbc.SqlScriptsTestExecutionListener, org.springframework.test.context.event.EventPublishingTestExecutionListener]
2022-04-06 17:46:56.697  INFO 6648 --- [    Test worker] .b.t.c.SpringBootTestContextBootstrapper : Using TestExecutionListeners: [org.springframework.test.context.web.ServletTestExecutionListener@242bdaad, org.springframework.test.context.support.DirtiesContextBeforeModesTestExecutionListener@301f9f8a, org.springframework.boot.test.mock.mockito.MockitoTestExecutionListener@1418efe9, org.springframework.boot.test.autoconfigure.SpringBootDependencyInjectionTestExecutionListener@5831aaef, org.springframework.test.context.support.DirtiesContextTestExecutionListener@2235edf6, org.springframework.test.context.transaction.TransactionalTestExecutionListener@6e1ad5f5, org.springframework.test.context.jdbc.SqlScriptsTestExecutionListener@3d2e1878, org.springframework.security.test.context.support.WithSecurityContextTestExecutionListener@689dabe0, org.springframework.test.context.event.EventPublishingTestExecutionListener@65cab158, org.springframework.security.test.context.support.ReactorContextTestExecutionListener@5dc76569, org.springframework.boot.test.autoconfigure.restdocs.RestDocsTestExecutionListener@10675b71, org.springframework.boot.test.autoconfigure.web.client.MockRestServiceServerResetTestExecutionListener@15a03036, org.springframework.boot.test.autoconfigure.web.servlet.MockMvcPrintOnlyOnFailureTestExecutionListener@255003ab, org.springframework.boot.test.autoconfigure.web.servlet.WebDriverTestExecutionListener@43dad645, org.springframework.boot.test.autoconfigure.webservices.client.MockWebServiceServerTestExecutionListener@694ca19c, org.springframework.boot.test.mock.mockito.ResetMocksTestExecutionListener@7d791d03]

  .   ____          _            __ _ _
 /\\ / ___'_ __ _ _(_)_ __  __ _ \ \ \ \
( ( )\___ | '_ | '_| | '_ \/ _` | \ \ \ \
 \\/  ___)| |_)| | | | | || (_| |  ) ) ) )
  '  |____| .__|_| |_|_| |_\__, | / / / /
 =========|_|==============|___/=/_/_/_/
 :: Spring Boot ::                (v2.4.1)

2022-04-06 17:46:56.745  INFO 6648 --- [    Test worker] p.springboot.web.IndexControllerTest     : Starting IndexControllerTest using Java 1.8.0_321 on DESKTOP-U26GOSF with PID 6648 (started by 권태현 in D:\pracs1)
2022-04-06 17:46:56.746  INFO 6648 --- [    Test worker] p.springboot.web.IndexControllerTest     : No active profile set, falling back to default profiles: default
2022-04-06 17:46:57.064  INFO 6648 --- [    Test worker] .s.d.r.c.RepositoryConfigurationDelegate : Bootstrapping Spring Data JPA repositories in DEFAULT mode.
2022-04-06 17:46:57.086  INFO 6648 --- [    Test worker] .s.d.r.c.RepositoryConfigurationDelegate : Finished Spring Data repository scanning in 21 ms. Found 2 JPA repository interfaces.
2022-04-06 17:46:57.592  INFO 6648 --- [    Test worker] o.s.b.w.embedded.tomcat.TomcatWebServer  : Tomcat initialized with port(s): 0 (http)
2022-04-06 17:46:57.617  INFO 6648 --- [    Test worker] o.apache.catalina.core.StandardService   : Starting service [Tomcat]
2022-04-06 17:46:57.617  INFO 6648 --- [    Test worker] org.apache.catalina.core.StandardEngine  : Starting Servlet engine: [Apache Tomcat/9.0.41]
2022-04-06 17:46:57.800  INFO 6648 --- [    Test worker] o.a.c.c.C.[Tomcat].[localhost].[/]       : Initializing Spring embedded WebApplicationContext
2022-04-06 17:46:57.800  INFO 6648 --- [    Test worker] w.s.c.ServletWebServerApplicationContext : Root WebApplicationContext: initialization completed in 1050 ms
2022-04-06 17:46:58.076  INFO 6648 --- [    Test worker] o.hibernate.jpa.internal.util.LogHelper  : HHH000204: Processing PersistenceUnitInfo [name: default]
2022-04-06 17:46:58.087  INFO 6648 --- [    Test worker] com.zaxxer.hikari.HikariDataSource       : HikariPool-2 - Starting...
2022-04-06 17:46:58.095  INFO 6648 --- [    Test worker] com.zaxxer.hikari.HikariDataSource       : HikariPool-2 - Start completed.
2022-04-06 17:46:58.096  INFO 6648 --- [    Test worker] org.hibernate.dialect.Dialect            : HHH000400: Using dialect: org.hibernate.dialect.H2Dialect
Hibernate: 
    
    drop table if exists posts CASCADE 
Hibernate: 
    
    drop table if exists user CASCADE 
Hibernate: 
    
    create table posts (
       id bigint generated by default as identity,
        created_date timestamp,
        modified_date timestamp,
        author varchar(255),
        content TEXT not null,
        title varchar(500) not null,
        primary key (id)
    )
Hibernate: 
    
    create table user (
       id bigint generated by default as identity,
        created_date timestamp,
        modified_date timestamp,
        email varchar(255) not null,
        name varchar(255) not null,
        pictures varchar(255),
        role varchar(255) not null,
        primary key (id)
    )
2022-04-06 17:46:58.207  INFO 6648 --- [    Test worker] o.h.e.t.j.p.i.JtaPlatformInitiator       : HHH000490: Using JtaPlatform implementation: [org.hibernate.engine.transaction.jta.platform.internal.NoJtaPlatform]
2022-04-06 17:46:58.208  INFO 6648 --- [    Test worker] j.LocalContainerEntityManagerFactoryBean : Initialized JPA EntityManagerFactory for persistence unit 'default'
2022-04-06 17:46:58.611  WARN 6648 --- [    Test worker] JpaBaseConfiguration$JpaWebConfiguration : spring.jpa.open-in-view is enabled by default. Therefore, database queries may be performed during view rendering. Explicitly configure spring.jpa.open-in-view to disable this warning
2022-04-06 17:46:58.915  INFO 6648 --- [    Test worker] o.s.s.web.DefaultSecurityFilterChain     : Will secure any request with [org.springframework.security.web.context.request.async.WebAsyncManagerIntegrationFilter@56e5ab1d, org.springframework.security.web.context.SecurityContextPersistenceFilter@655b6746, org.springframework.security.web.header.HeaderWriterFilter@12ec9e4a, org.springframework.security.web.authentication.logout.LogoutFilter@513c1809, org.springframework.security.oauth2.client.web.OAuth2AuthorizationRequestRedirectFilter@26abb900, org.springframework.security.oauth2.client.web.OAuth2LoginAuthenticationFilter@488ae58b, org.springframework.security.web.authentication.ui.DefaultLoginPageGeneratingFilter@1c50ad93, org.springframework.security.web.authentication.ui.DefaultLogoutPageGeneratingFilter@a439f7a, org.springframework.security.web.savedrequest.RequestCacheAwareFilter@70e06404, org.springframework.security.web.servletapi.SecurityContextHolderAwareRequestFilter@608aa9c, org.springframework.security.web.authentication.AnonymousAuthenticationFilter@71db448b, org.springframework.security.web.session.SessionManagementFilter@6aae1d8b, org.springframework.security.web.access.ExceptionTranslationFilter@36247158, org.springframework.security.web.access.intercept.FilterSecurityInterceptor@15193c7f]
2022-04-06 17:46:59.098  INFO 6648 --- [    Test worker] o.s.s.concurrent.ThreadPoolTaskExecutor  : Initializing ExecutorService 'applicationTaskExecutor'
2022-04-06 17:46:59.152  INFO 6648 --- [    Test worker] o.s.b.a.w.s.WelcomePageHandlerMapping    : Adding welcome page template: index
2022-04-06 17:46:59.545  INFO 6648 --- [    Test worker] o.s.b.w.embedded.tomcat.TomcatWebServer  : Tomcat started on port(s): 2890 (http) with context path ''
2022-04-06 17:46:59.550  INFO 6648 --- [    Test worker] s.a.ScheduledAnnotationBeanPostProcessor : No TaskScheduler/ScheduledExecutorService bean found for scheduled processing
2022-04-06 17:46:59.552  INFO 6648 --- [    Test worker] p.springboot.web.IndexControllerTest     : Started IndexControllerTest in 2.85 seconds (JVM running for 16.748)
2022-04-06 17:46:59.729  INFO 6648 --- [o-auto-1-exec-1] o.a.c.c.C.[Tomcat].[localhost].[/]       : Initializing Spring DispatcherServlet 'dispatcherServlet'
2022-04-06 17:46:59.730  INFO 6648 --- [o-auto-1-exec-1] o.s.web.servlet.DispatcherServlet        : Initializing Servlet 'dispatcherServlet'
2022-04-06 17:46:59.731  INFO 6648 --- [o-auto-1-exec-1] o.s.web.servlet.DispatcherServlet        : Completed initialization in 1 ms
Hibernate: 
    select
        posts0_.id as id1_0_,
        posts0_.created_date as created_2_0_,
        posts0_.modified_date as modified3_0_,
        posts0_.author as author4_0_,
        posts0_.content as content5_0_,
        posts0_.title as title6_0_ 
    from
        posts posts0_ 
    order by
        posts0_.id DESC
]]></system-out>
  <system-err><![CDATA[]]></system-err>
</testsuite>
