<?xml version="1.0" encoding="UTF-8"?>
<testsuite name="pracs1.springboot.web.IndexControllerTest" tests="1" skipped="0" failures="0" errors="0" timestamp="2022-03-31T09:51:18" hostname="DESKTOP-U26GOSF" time="0.411">
  <properties/>
  <testcase name="메인페이지_로딩()" classname="pracs1.springboot.web.IndexControllerTest" time="0.411"/>
  <system-out><![CDATA[2022-03-31 18:51:14.354  INFO 26488 --- [    Test worker] .b.t.c.SpringBootTestContextBootstrapper : Neither @ContextConfiguration nor @ContextHierarchy found for test class [pracs1.springboot.web.IndexControllerTest], using SpringBootContextLoader
2022-03-31 18:51:14.355  INFO 26488 --- [    Test worker] o.s.t.c.support.AbstractContextLoader    : Could not detect default resource locations for test class [pracs1.springboot.web.IndexControllerTest]: no resource found for suffixes {-context.xml, Context.groovy}.
2022-03-31 18:51:14.356  INFO 26488 --- [    Test worker] t.c.s.AnnotationConfigContextLoaderUtils : Could not detect default configuration classes for test class [pracs1.springboot.web.IndexControllerTest]: IndexControllerTest does not declare any static, non-private, non-final, nested classes annotated with @Configuration.
2022-03-31 18:51:14.374  INFO 26488 --- [    Test worker] .b.t.c.SpringBootTestContextBootstrapper : Found @SpringBootConfiguration pracs1.springboot.Application for test class pracs1.springboot.web.IndexControllerTest
2022-03-31 18:51:14.378  INFO 26488 --- [    Test worker] .b.t.c.SpringBootTestContextBootstrapper : Loaded default TestExecutionListener class names from location [META-INF/spring.factories]: [org.springframework.security.test.context.support.WithSecurityContextTestExecutionListener, org.springframework.security.test.context.support.ReactorContextTestExecutionListener, org.springframework.boot.test.autoconfigure.restdocs.RestDocsTestExecutionListener, org.springframework.boot.test.autoconfigure.web.client.MockRestServiceServerResetTestExecutionListener, org.springframework.boot.test.autoconfigure.web.servlet.MockMvcPrintOnlyOnFailureTestExecutionListener, org.springframework.boot.test.autoconfigure.web.servlet.WebDriverTestExecutionListener, org.springframework.boot.test.autoconfigure.webservices.client.MockWebServiceServerTestExecutionListener, org.springframework.boot.test.mock.mockito.MockitoTestExecutionListener, org.springframework.boot.test.mock.mockito.ResetMocksTestExecutionListener, org.springframework.test.context.web.ServletTestExecutionListener, org.springframework.test.context.support.DirtiesContextBeforeModesTestExecutionListener, org.springframework.test.context.support.DependencyInjectionTestExecutionListener, org.springframework.test.context.support.DirtiesContextTestExecutionListener, org.springframework.test.context.transaction.TransactionalTestExecutionListener, org.springframework.test.context.jdbc.SqlScriptsTestExecutionListener, org.springframework.test.context.event.EventPublishingTestExecutionListener]
2022-03-31 18:51:14.380  INFO 26488 --- [    Test worker] .b.t.c.SpringBootTestContextBootstrapper : Using TestExecutionListeners: [org.springframework.test.context.web.ServletTestExecutionListener@39e7e815, org.springframework.test.context.support.DirtiesContextBeforeModesTestExecutionListener@d83e81b, org.springframework.boot.test.mock.mockito.MockitoTestExecutionListener@420f56ab, org.springframework.boot.test.autoconfigure.SpringBootDependencyInjectionTestExecutionListener@1beb656, org.springframework.test.context.support.DirtiesContextTestExecutionListener@71f4134, org.springframework.test.context.transaction.TransactionalTestExecutionListener@15cea2fc, org.springframework.test.context.jdbc.SqlScriptsTestExecutionListener@2d4c04e0, org.springframework.security.test.context.support.WithSecurityContextTestExecutionListener@59341b19, org.springframework.test.context.event.EventPublishingTestExecutionListener@245ff7ea, org.springframework.security.test.context.support.ReactorContextTestExecutionListener@446678df, org.springframework.boot.test.autoconfigure.restdocs.RestDocsTestExecutionListener@9c01fb7, org.springframework.boot.test.autoconfigure.web.client.MockRestServiceServerResetTestExecutionListener@70553145, org.springframework.boot.test.autoconfigure.web.servlet.MockMvcPrintOnlyOnFailureTestExecutionListener@2bee6802, org.springframework.boot.test.autoconfigure.web.servlet.WebDriverTestExecutionListener@5c395d20, org.springframework.boot.test.autoconfigure.webservices.client.MockWebServiceServerTestExecutionListener@558ddcb7, org.springframework.boot.test.mock.mockito.ResetMocksTestExecutionListener@c0b105a]

  .   ____          _            __ _ _
 /\\ / ___'_ __ _ _(_)_ __  __ _ \ \ \ \
( ( )\___ | '_ | '_| | '_ \/ _` | \ \ \ \
 \\/  ___)| |_)| | | | | || (_| |  ) ) ) )
  '  |____| .__|_| |_|_| |_\__, | / / / /
 =========|_|==============|___/=/_/_/_/
 :: Spring Boot ::                (v2.4.1)

2022-03-31 18:51:14.445  INFO 26488 --- [    Test worker] p.springboot.web.IndexControllerTest     : Starting IndexControllerTest using Java 1.8.0_321 on DESKTOP-U26GOSF with PID 26488 (started by 권태현 in D:\pracs1)
2022-03-31 18:51:14.448  INFO 26488 --- [    Test worker] p.springboot.web.IndexControllerTest     : No active profile set, falling back to default profiles: default
2022-03-31 18:51:14.895  INFO 26488 --- [    Test worker] .s.d.r.c.RepositoryConfigurationDelegate : Bootstrapping Spring Data JPA repositories in DEFAULT mode.
2022-03-31 18:51:14.931  INFO 26488 --- [    Test worker] .s.d.r.c.RepositoryConfigurationDelegate : Finished Spring Data repository scanning in 35 ms. Found 2 JPA repository interfaces.
2022-03-31 18:51:15.618  INFO 26488 --- [    Test worker] o.s.b.w.embedded.tomcat.TomcatWebServer  : Tomcat initialized with port(s): 0 (http)
2022-03-31 18:51:15.662  INFO 26488 --- [    Test worker] o.apache.catalina.core.StandardService   : Starting service [Tomcat]
2022-03-31 18:51:15.664  INFO 26488 --- [    Test worker] org.apache.catalina.core.StandardEngine  : Starting Servlet engine: [Apache Tomcat/9.0.41]
2022-03-31 18:51:15.841  INFO 26488 --- [    Test worker] o.a.c.c.C.[Tomcat].[localhost].[/]       : Initializing Spring embedded WebApplicationContext
2022-03-31 18:51:15.841  INFO 26488 --- [    Test worker] w.s.c.ServletWebServerApplicationContext : Root WebApplicationContext: initialization completed in 1387 ms
2022-03-31 18:51:16.117  INFO 26488 --- [    Test worker] o.hibernate.jpa.internal.util.LogHelper  : HHH000204: Processing PersistenceUnitInfo [name: default]
2022-03-31 18:51:16.126  INFO 26488 --- [    Test worker] com.zaxxer.hikari.HikariDataSource       : HikariPool-2 - Starting...
2022-03-31 18:51:16.134  INFO 26488 --- [    Test worker] com.zaxxer.hikari.HikariDataSource       : HikariPool-2 - Start completed.
2022-03-31 18:51:16.135  INFO 26488 --- [    Test worker] org.hibernate.dialect.Dialect            : HHH000400: Using dialect: org.hibernate.dialect.H2Dialect
Hibernate: 
    
    drop table if exists posts CASCADE 
Hibernate: 
    
    drop table if exists user CASCADE 
Hibernate: 
    
    create table posts (
       id bigint generated by default as identity,
        created_date timestamp,
        modified_date timestamp,
        author varchar(255),
        content TEXT not null,
        title varchar(500) not null,
        primary key (id)
    )
Hibernate: 
    
    create table user (
       id bigint generated by default as identity,
        created_date timestamp,
        modified_date timestamp,
        email varchar(255) not null,
        name varchar(255) not null,
        pictures varchar(255),
        role varchar(255) not null,
        primary key (id)
    )
2022-03-31 18:51:16.245  INFO 26488 --- [    Test worker] o.h.e.t.j.p.i.JtaPlatformInitiator       : HHH000490: Using JtaPlatform implementation: [org.hibernate.engine.transaction.jta.platform.internal.NoJtaPlatform]
2022-03-31 18:51:16.245  INFO 26488 --- [    Test worker] j.LocalContainerEntityManagerFactoryBean : Initialized JPA EntityManagerFactory for persistence unit 'default'
2022-03-31 18:51:16.772  WARN 26488 --- [    Test worker] JpaBaseConfiguration$JpaWebConfiguration : spring.jpa.open-in-view is enabled by default. Therefore, database queries may be performed during view rendering. Explicitly configure spring.jpa.open-in-view to disable this warning
2022-03-31 18:51:17.204  INFO 26488 --- [    Test worker] o.s.s.web.DefaultSecurityFilterChain     : Will secure any request with [org.springframework.security.web.context.request.async.WebAsyncManagerIntegrationFilter@47ea7fba, org.springframework.security.web.context.SecurityContextPersistenceFilter@4a0af5bd, org.springframework.security.web.header.HeaderWriterFilter@44b26030, org.springframework.security.web.authentication.logout.LogoutFilter@172adafc, org.springframework.security.oauth2.client.web.OAuth2AuthorizationRequestRedirectFilter@43c9188f, org.springframework.security.oauth2.client.web.OAuth2LoginAuthenticationFilter@6ea954f0, org.springframework.security.web.authentication.ui.DefaultLoginPageGeneratingFilter@7aa8f269, org.springframework.security.web.authentication.ui.DefaultLogoutPageGeneratingFilter@4b138397, org.springframework.security.web.savedrequest.RequestCacheAwareFilter@44c681db, org.springframework.security.web.servletapi.SecurityContextHolderAwareRequestFilter@13a2ca93, org.springframework.security.web.authentication.AnonymousAuthenticationFilter@4095f71a, org.springframework.security.web.session.SessionManagementFilter@22e96157, org.springframework.security.web.access.ExceptionTranslationFilter@59baff18, org.springframework.security.web.access.intercept.FilterSecurityInterceptor@543b19c1]
2022-03-31 18:51:17.423  INFO 26488 --- [    Test worker] o.s.s.concurrent.ThreadPoolTaskExecutor  : Initializing ExecutorService 'applicationTaskExecutor'
2022-03-31 18:51:17.474  INFO 26488 --- [    Test worker] o.s.b.a.w.s.WelcomePageHandlerMapping    : Adding welcome page template: index
2022-03-31 18:51:17.993  INFO 26488 --- [    Test worker] o.s.b.w.embedded.tomcat.TomcatWebServer  : Tomcat started on port(s): 13204 (http) with context path ''
2022-03-31 18:51:18.002  INFO 26488 --- [    Test worker] s.a.ScheduledAnnotationBeanPostProcessor : No TaskScheduler/ScheduledExecutorService bean found for scheduled processing
2022-03-31 18:51:18.004  INFO 26488 --- [    Test worker] p.springboot.web.IndexControllerTest     : Started IndexControllerTest in 3.618 seconds (JVM running for 16.797)
2022-03-31 18:51:18.219  INFO 26488 --- [o-auto-1-exec-1] o.a.c.c.C.[Tomcat].[localhost].[/]       : Initializing Spring DispatcherServlet 'dispatcherServlet'
2022-03-31 18:51:18.219  INFO 26488 --- [o-auto-1-exec-1] o.s.web.servlet.DispatcherServlet        : Initializing Servlet 'dispatcherServlet'
2022-03-31 18:51:18.220  INFO 26488 --- [o-auto-1-exec-1] o.s.web.servlet.DispatcherServlet        : Completed initialization in 1 ms
Hibernate: 
    select
        posts0_.id as id1_0_,
        posts0_.created_date as created_2_0_,
        posts0_.modified_date as modified3_0_,
        posts0_.author as author4_0_,
        posts0_.content as content5_0_,
        posts0_.title as title6_0_ 
    from
        posts posts0_ 
    order by
        posts0_.id DESC
]]></system-out>
  <system-err><![CDATA[]]></system-err>
</testsuite>
