<?xml version="1.0" encoding="UTF-8"?>
<testsuite name="pracs1.springboot.service.PaginationServiceTest" tests="1" skipped="0" failures="0" errors="0" timestamp="2022-04-26T02:39:11" hostname="DESKTOP-U26GOSF" time="0.06">
  <properties/>
  <testcase name="indexPaginationCallTest()" classname="pracs1.springboot.service.PaginationServiceTest" time="0.06"/>
  <system-out><![CDATA[2022-04-26 11:39:11.885  INFO 4572 --- [    Test worker] .b.t.c.SpringBootTestContextBootstrapper : Neither @ContextConfiguration nor @ContextHierarchy found for test class [pracs1.springboot.service.PaginationServiceTest], using SpringBootContextLoader
2022-04-26 11:39:11.886  INFO 4572 --- [    Test worker] o.s.t.c.support.AbstractContextLoader    : Could not detect default resource locations for test class [pracs1.springboot.service.PaginationServiceTest]: no resource found for suffixes {-context.xml, Context.groovy}.
2022-04-26 11:39:11.887  INFO 4572 --- [    Test worker] t.c.s.AnnotationConfigContextLoaderUtils : Could not detect default configuration classes for test class [pracs1.springboot.service.PaginationServiceTest]: PaginationServiceTest does not declare any static, non-private, non-final, nested classes annotated with @Configuration.
2022-04-26 11:39:11.894  INFO 4572 --- [    Test worker] .b.t.c.SpringBootTestContextBootstrapper : Found @SpringBootConfiguration pracs1.springboot.Application for test class pracs1.springboot.service.PaginationServiceTest
2022-04-26 11:39:11.897  INFO 4572 --- [    Test worker] .b.t.c.SpringBootTestContextBootstrapper : Loaded default TestExecutionListener class names from location [META-INF/spring.factories]: [org.springframework.security.test.context.support.WithSecurityContextTestExecutionListener, org.springframework.security.test.context.support.ReactorContextTestExecutionListener, org.springframework.boot.test.autoconfigure.restdocs.RestDocsTestExecutionListener, org.springframework.boot.test.autoconfigure.web.client.MockRestServiceServerResetTestExecutionListener, org.springframework.boot.test.autoconfigure.web.servlet.MockMvcPrintOnlyOnFailureTestExecutionListener, org.springframework.boot.test.autoconfigure.web.servlet.WebDriverTestExecutionListener, org.springframework.boot.test.autoconfigure.webservices.client.MockWebServiceServerTestExecutionListener, org.springframework.boot.test.mock.mockito.MockitoTestExecutionListener, org.springframework.boot.test.mock.mockito.ResetMocksTestExecutionListener, org.springframework.test.context.web.ServletTestExecutionListener, org.springframework.test.context.support.DirtiesContextBeforeModesTestExecutionListener, org.springframework.test.context.support.DependencyInjectionTestExecutionListener, org.springframework.test.context.support.DirtiesContextTestExecutionListener, org.springframework.test.context.transaction.TransactionalTestExecutionListener, org.springframework.test.context.jdbc.SqlScriptsTestExecutionListener, org.springframework.test.context.event.EventPublishingTestExecutionListener]
2022-04-26 11:39:11.898  INFO 4572 --- [    Test worker] .b.t.c.SpringBootTestContextBootstrapper : Using TestExecutionListeners: [org.springframework.test.context.web.ServletTestExecutionListener@cb0daec, org.springframework.test.context.support.DirtiesContextBeforeModesTestExecutionListener@534ef8a8, org.springframework.boot.test.mock.mockito.MockitoTestExecutionListener@1837ffa4, org.springframework.boot.test.autoconfigure.SpringBootDependencyInjectionTestExecutionListener@5807a576, org.springframework.test.context.support.DirtiesContextTestExecutionListener@52ea7320, org.springframework.test.context.transaction.TransactionalTestExecutionListener@76455a6d, org.springframework.test.context.jdbc.SqlScriptsTestExecutionListener@512851de, org.springframework.security.test.context.support.WithSecurityContextTestExecutionListener@34616298, org.springframework.test.context.event.EventPublishingTestExecutionListener@35936447, org.springframework.security.test.context.support.ReactorContextTestExecutionListener@69d9d6aa, org.springframework.boot.test.autoconfigure.restdocs.RestDocsTestExecutionListener@7a6cdcee, org.springframework.boot.test.autoconfigure.web.client.MockRestServiceServerResetTestExecutionListener@45260499, org.springframework.boot.test.autoconfigure.web.servlet.MockMvcPrintOnlyOnFailureTestExecutionListener@6bb9e126, org.springframework.boot.test.autoconfigure.web.servlet.WebDriverTestExecutionListener@4c72067d, org.springframework.boot.test.autoconfigure.webservices.client.MockWebServiceServerTestExecutionListener@50e538b1, org.springframework.boot.test.mock.mockito.ResetMocksTestExecutionListener@2592ecf8]
2022-04-26 11:39:11.908  INFO 4572 --- [    Test worker] o.s.t.c.transaction.TransactionContext   : Began transaction (1) for test context [DefaultTestContext@4f8289c testClass = PaginationServiceTest, testInstance = pracs1.springboot.service.PaginationServiceTest@af4b8a1, testMethod = indexPaginationCallTest@PaginationServiceTest, testException = [null], mergedContextConfiguration = [WebMergedContextConfiguration@462270d3 testClass = PaginationServiceTest, locations = '{}', classes = '{class pracs1.springboot.Application}', contextInitializerClasses = '[]', activeProfiles = '{}', propertySourceLocations = '{}', propertySourceProperties = '{org.springframework.boot.test.context.SpringBootTestContextBootstrapper=true}', contextCustomizers = set[org.springframework.boot.test.autoconfigure.actuate.metrics.MetricsExportContextCustomizerFactory$DisableMetricExportContextCustomizer@dc4a799, org.springframework.boot.test.autoconfigure.properties.PropertyMappingContextCustomizer@0, org.springframework.boot.test.autoconfigure.web.servlet.WebDriverContextCustomizerFactory$Customizer@5033f51e, org.springframework.boot.test.context.filter.ExcludeFilterContextCustomizer@5a4bfac0, org.springframework.boot.test.json.DuplicateJsonObjectContextCustomizerFactory$DuplicateJsonObjectContextCustomizer@408062fa, org.springframework.boot.test.mock.mockito.MockitoContextCustomizer@0, org.springframework.boot.test.web.client.TestRestTemplateContextCustomizer@5816237, org.springframework.boot.test.context.SpringBootTestArgs@1, org.springframework.boot.test.context.SpringBootTestWebEnvironment@63f56713], resourceBasePath = 'src/main/webapp', contextLoader = 'org.springframework.boot.test.context.SpringBootContextLoader', parent = [null]], attributes = map['org.springframework.test.context.web.ServletTestExecutionListener.activateListener' -> true, 'org.springframework.test.context.web.ServletTestExecutionListener.populatedRequestContextHolder' -> true, 'org.springframework.test.context.web.ServletTestExecutionListener.resetRequestContextHolder' -> true]]; transaction manager [org.springframework.orm.jpa.JpaTransactionManager@6d138709]; rollback [true]
Hibernate: insert into posts (id, created_date, modified_date, author, content, title) values (null, ?, ?, ?, ?, ?)
Hibernate: insert into posts (id, created_date, modified_date, author, content, title) values (null, ?, ?, ?, ?, ?)
Hibernate: insert into posts (id, created_date, modified_date, author, content, title) values (null, ?, ?, ?, ?, ?)
Hibernate: insert into posts (id, created_date, modified_date, author, content, title) values (null, ?, ?, ?, ?, ?)
Hibernate: insert into posts (id, created_date, modified_date, author, content, title) values (null, ?, ?, ?, ?, ?)
Hibernate: insert into posts (id, created_date, modified_date, author, content, title) values (null, ?, ?, ?, ?, ?)
Hibernate: insert into posts (id, created_date, modified_date, author, content, title) values (null, ?, ?, ?, ?, ?)
Hibernate: insert into posts (id, created_date, modified_date, author, content, title) values (null, ?, ?, ?, ?, ?)
Hibernate: insert into posts (id, created_date, modified_date, author, content, title) values (null, ?, ?, ?, ?, ?)
Hibernate: insert into posts (id, created_date, modified_date, author, content, title) values (null, ?, ?, ?, ?, ?)
Hibernate: insert into posts (id, created_date, modified_date, author, content, title) values (null, ?, ?, ?, ?, ?)
Hibernate: select posts0_.id as id1_0_, posts0_.created_date as created_2_0_, posts0_.modified_date as modified3_0_, posts0_.author as author4_0_, posts0_.content as content5_0_, posts0_.title as title6_0_ from posts posts0_ order by posts0_.id DESC
2022-04-26 11:39:11.961  INFO 4572 --- [    Test worker] o.s.t.c.transaction.TransactionContext   : Rolled back transaction for test: [DefaultTestContext@4f8289c testClass = PaginationServiceTest, testInstance = pracs1.springboot.service.PaginationServiceTest@af4b8a1, testMethod = indexPaginationCallTest@PaginationServiceTest, testException = [null], mergedContextConfiguration = [WebMergedContextConfiguration@462270d3 testClass = PaginationServiceTest, locations = '{}', classes = '{class pracs1.springboot.Application}', contextInitializerClasses = '[]', activeProfiles = '{}', propertySourceLocations = '{}', propertySourceProperties = '{org.springframework.boot.test.context.SpringBootTestContextBootstrapper=true}', contextCustomizers = set[org.springframework.boot.test.autoconfigure.actuate.metrics.MetricsExportContextCustomizerFactory$DisableMetricExportContextCustomizer@dc4a799, org.springframework.boot.test.autoconfigure.properties.PropertyMappingContextCustomizer@0, org.springframework.boot.test.autoconfigure.web.servlet.WebDriverContextCustomizerFactory$Customizer@5033f51e, org.springframework.boot.test.context.filter.ExcludeFilterContextCustomizer@5a4bfac0, org.springframework.boot.test.json.DuplicateJsonObjectContextCustomizerFactory$DuplicateJsonObjectContextCustomizer@408062fa, org.springframework.boot.test.mock.mockito.MockitoContextCustomizer@0, org.springframework.boot.test.web.client.TestRestTemplateContextCustomizer@5816237, org.springframework.boot.test.context.SpringBootTestArgs@1, org.springframework.boot.test.context.SpringBootTestWebEnvironment@63f56713], resourceBasePath = 'src/main/webapp', contextLoader = 'org.springframework.boot.test.context.SpringBootContextLoader', parent = [null]], attributes = map['org.springframework.test.context.web.ServletTestExecutionListener.activateListener' -> true, 'org.springframework.test.context.web.ServletTestExecutionListener.populatedRequestContextHolder' -> true, 'org.springframework.test.context.web.ServletTestExecutionListener.resetRequestContextHolder' -> true]]
]]></system-out>
  <system-err><![CDATA[]]></system-err>
</testsuite>
