<?xml version="1.0" encoding="UTF-8"?>
<testsuite name="pracs1.springboot.web.PostsApiControllerTest" tests="2" skipped="0" failures="0" errors="0" timestamp="2022-04-20T10:40:11" hostname="DESKTOP-U26GOSF" time="0.188">
  <properties/>
  <testcase name="Posts_등록()" classname="pracs1.springboot.web.PostsApiControllerTest" time="0.136"/>
  <testcase name="Posts_수정된다()" classname="pracs1.springboot.web.PostsApiControllerTest" time="0.051"/>
  <system-out><![CDATA[2022-04-20 19:40:09.683  INFO 17888 --- [    Test worker] .b.t.c.SpringBootTestContextBootstrapper : Neither @ContextConfiguration nor @ContextHierarchy found for test class [pracs1.springboot.web.PostsApiControllerTest], using SpringBootContextLoader
2022-04-20 19:40:09.685  INFO 17888 --- [    Test worker] o.s.t.c.support.AbstractContextLoader    : Could not detect default resource locations for test class [pracs1.springboot.web.PostsApiControllerTest]: no resource found for suffixes {-context.xml, Context.groovy}.
2022-04-20 19:40:09.685  INFO 17888 --- [    Test worker] t.c.s.AnnotationConfigContextLoaderUtils : Could not detect default configuration classes for test class [pracs1.springboot.web.PostsApiControllerTest]: PostsApiControllerTest does not declare any static, non-private, non-final, nested classes annotated with @Configuration.
2022-04-20 19:40:09.688  INFO 17888 --- [    Test worker] .b.t.c.SpringBootTestContextBootstrapper : Found @SpringBootConfiguration pracs1.springboot.Application for test class pracs1.springboot.web.PostsApiControllerTest
2022-04-20 19:40:09.690  INFO 17888 --- [    Test worker] .b.t.c.SpringBootTestContextBootstrapper : Loaded default TestExecutionListener class names from location [META-INF/spring.factories]: [org.springframework.security.test.context.support.WithSecurityContextTestExecutionListener, org.springframework.security.test.context.support.ReactorContextTestExecutionListener, org.springframework.boot.test.autoconfigure.restdocs.RestDocsTestExecutionListener, org.springframework.boot.test.autoconfigure.web.client.MockRestServiceServerResetTestExecutionListener, org.springframework.boot.test.autoconfigure.web.servlet.MockMvcPrintOnlyOnFailureTestExecutionListener, org.springframework.boot.test.autoconfigure.web.servlet.WebDriverTestExecutionListener, org.springframework.boot.test.autoconfigure.webservices.client.MockWebServiceServerTestExecutionListener, org.springframework.boot.test.mock.mockito.MockitoTestExecutionListener, org.springframework.boot.test.mock.mockito.ResetMocksTestExecutionListener, org.springframework.test.context.web.ServletTestExecutionListener, org.springframework.test.context.support.DirtiesContextBeforeModesTestExecutionListener, org.springframework.test.context.support.DependencyInjectionTestExecutionListener, org.springframework.test.context.support.DirtiesContextTestExecutionListener, org.springframework.test.context.transaction.TransactionalTestExecutionListener, org.springframework.test.context.jdbc.SqlScriptsTestExecutionListener, org.springframework.test.context.event.EventPublishingTestExecutionListener]
2022-04-20 19:40:09.691  INFO 17888 --- [    Test worker] .b.t.c.SpringBootTestContextBootstrapper : Using TestExecutionListeners: [org.springframework.test.context.web.ServletTestExecutionListener@50f8d33b, org.springframework.test.context.support.DirtiesContextBeforeModesTestExecutionListener@2026d567, org.springframework.boot.test.mock.mockito.MockitoTestExecutionListener@4032365a, org.springframework.boot.test.autoconfigure.SpringBootDependencyInjectionTestExecutionListener@654d58b7, org.springframework.test.context.support.DirtiesContextTestExecutionListener@733a2e2e, org.springframework.test.context.transaction.TransactionalTestExecutionListener@65a150c3, org.springframework.test.context.jdbc.SqlScriptsTestExecutionListener@34f02acb, org.springframework.security.test.context.support.WithSecurityContextTestExecutionListener@3bf74402, org.springframework.test.context.event.EventPublishingTestExecutionListener@199e460c, org.springframework.security.test.context.support.ReactorContextTestExecutionListener@76563ab4, org.springframework.boot.test.autoconfigure.restdocs.RestDocsTestExecutionListener@4345e0c7, org.springframework.boot.test.autoconfigure.web.client.MockRestServiceServerResetTestExecutionListener@42937bf9, org.springframework.boot.test.autoconfigure.web.servlet.MockMvcPrintOnlyOnFailureTestExecutionListener@2956eb81, org.springframework.boot.test.autoconfigure.web.servlet.WebDriverTestExecutionListener@6e12e785, org.springframework.boot.test.autoconfigure.webservices.client.MockWebServiceServerTestExecutionListener@2bd7158, org.springframework.boot.test.mock.mockito.ResetMocksTestExecutionListener@5ba89e45]

  .   ____          _            __ _ _
 /\\ / ___'_ __ _ _(_)_ __  __ _ \ \ \ \
( ( )\___ | '_ | '_| | '_ \/ _` | \ \ \ \
 \\/  ___)| |_)| | | | | || (_| |  ) ) ) )
  '  |____| .__|_| |_|_| |_\__, | / / / /
 =========|_|==============|___/=/_/_/_/
 :: Spring Boot ::                (v2.4.1)

2022-04-20 19:40:09.725  INFO 17888 --- [    Test worker] p.springboot.web.PostsApiControllerTest  : Starting PostsApiControllerTest using Java 1.8.0_321 on DESKTOP-U26GOSF with PID 17888 (started by 권태현 in D:\pracs1)
2022-04-20 19:40:09.726  INFO 17888 --- [    Test worker] p.springboot.web.PostsApiControllerTest  : No active profile set, falling back to default profiles: default
2022-04-20 19:40:10.023  INFO 17888 --- [    Test worker] .s.d.r.c.RepositoryConfigurationDelegate : Bootstrapping Spring Data JPA repositories in DEFAULT mode.
2022-04-20 19:40:10.046  INFO 17888 --- [    Test worker] .s.d.r.c.RepositoryConfigurationDelegate : Finished Spring Data repository scanning in 21 ms. Found 2 JPA repository interfaces.
2022-04-20 19:40:10.314  INFO 17888 --- [    Test worker] o.s.b.w.embedded.tomcat.TomcatWebServer  : Tomcat initialized with port(s): 8080 (http)
2022-04-20 19:40:10.316  INFO 17888 --- [    Test worker] o.apache.catalina.core.StandardService   : Starting service [Tomcat]
2022-04-20 19:40:10.316  INFO 17888 --- [    Test worker] org.apache.catalina.core.StandardEngine  : Starting Servlet engine: [Apache Tomcat/9.0.41]
2022-04-20 19:40:10.349  INFO 17888 --- [    Test worker] o.a.c.c.C.[Tomcat-1].[localhost].[/]     : Initializing Spring embedded WebApplicationContext
2022-04-20 19:40:10.349  INFO 17888 --- [    Test worker] w.s.c.ServletWebServerApplicationContext : Root WebApplicationContext: initialization completed in 617 ms
2022-04-20 19:40:10.598  INFO 17888 --- [    Test worker] o.hibernate.jpa.internal.util.LogHelper  : HHH000204: Processing PersistenceUnitInfo [name: default]
2022-04-20 19:40:10.606  INFO 17888 --- [    Test worker] com.zaxxer.hikari.HikariDataSource       : HikariPool-3 - Starting...
2022-04-20 19:40:10.613  INFO 17888 --- [    Test worker] com.zaxxer.hikari.HikariDataSource       : HikariPool-3 - Start completed.
2022-04-20 19:40:10.614  INFO 17888 --- [    Test worker] org.hibernate.dialect.Dialect            : HHH000400: Using dialect: org.hibernate.dialect.H2Dialect
Hibernate: 
    
    drop table if exists posts CASCADE 
Hibernate: 
    
    drop table if exists user CASCADE 
Hibernate: 
    
    create table posts (
       id bigint generated by default as identity,
        created_date timestamp,
        modified_date timestamp,
        author varchar(255),
        content TEXT not null,
        title varchar(500) not null,
        primary key (id)
    )
Hibernate: 
    
    create table user (
       id bigint generated by default as identity,
        created_date timestamp,
        modified_date timestamp,
        email varchar(255) not null,
        name varchar(255) not null,
        pictures varchar(255),
        role varchar(255) not null,
        primary key (id)
    )
2022-04-20 19:40:10.733  INFO 17888 --- [    Test worker] o.h.e.t.j.p.i.JtaPlatformInitiator       : HHH000490: Using JtaPlatform implementation: [org.hibernate.engine.transaction.jta.platform.internal.NoJtaPlatform]
2022-04-20 19:40:10.734  INFO 17888 --- [    Test worker] j.LocalContainerEntityManagerFactoryBean : Initialized JPA EntityManagerFactory for persistence unit 'default'
2022-04-20 19:40:11.064  WARN 17888 --- [    Test worker] JpaBaseConfiguration$JpaWebConfiguration : spring.jpa.open-in-view is enabled by default. Therefore, database queries may be performed during view rendering. Explicitly configure spring.jpa.open-in-view to disable this warning
2022-04-20 19:40:11.341  INFO 17888 --- [    Test worker] o.s.s.web.DefaultSecurityFilterChain     : Will secure any request with [org.springframework.security.web.context.request.async.WebAsyncManagerIntegrationFilter@4c11bc9, org.springframework.security.web.context.SecurityContextPersistenceFilter@118c5ccf, org.springframework.security.web.header.HeaderWriterFilter@7c6a6d45, org.springframework.security.web.authentication.logout.LogoutFilter@1754db5a, org.springframework.security.oauth2.client.web.OAuth2AuthorizationRequestRedirectFilter@61a382cd, org.springframework.security.oauth2.client.web.OAuth2LoginAuthenticationFilter@1ed973aa, org.springframework.security.web.authentication.ui.DefaultLoginPageGeneratingFilter@5175f15, org.springframework.security.web.authentication.ui.DefaultLogoutPageGeneratingFilter@36459bef, org.springframework.security.web.savedrequest.RequestCacheAwareFilter@70c23f38, org.springframework.security.web.servletapi.SecurityContextHolderAwareRequestFilter@5f6d7420, org.springframework.security.web.authentication.AnonymousAuthenticationFilter@4b8dd200, org.springframework.security.web.session.SessionManagementFilter@68a650c8, org.springframework.security.web.access.ExceptionTranslationFilter@395b0e88, org.springframework.security.web.access.intercept.FilterSecurityInterceptor@2582e698]
2022-04-20 19:40:11.523  INFO 17888 --- [    Test worker] o.s.s.concurrent.ThreadPoolTaskExecutor  : Initializing ExecutorService 'applicationTaskExecutor'
2022-04-20 19:40:11.586  INFO 17888 --- [    Test worker] o.s.b.a.w.s.WelcomePageHandlerMapping    : Adding welcome page template: index
2022-04-20 19:40:11.968  INFO 17888 --- [    Test worker] o.s.b.w.embedded.tomcat.TomcatWebServer  : Tomcat started on port(s): 8080 (http) with context path ''
2022-04-20 19:40:11.975  INFO 17888 --- [    Test worker] s.a.ScheduledAnnotationBeanPostProcessor : No TaskScheduler/ScheduledExecutorService bean found for scheduled processing
2022-04-20 19:40:11.977  INFO 17888 --- [    Test worker] p.springboot.web.PostsApiControllerTest  : Started PostsApiControllerTest in 2.283 seconds (JVM running for 22.793)
2022-04-20 19:40:11.992  INFO 17888 --- [    Test worker] o.a.c.c.C.[Tomcat-1].[localhost].[/]     : Initializing Spring TestDispatcherServlet ''
2022-04-20 19:40:11.993  INFO 17888 --- [    Test worker] o.s.t.web.servlet.TestDispatcherServlet  : Initializing Servlet ''
2022-04-20 19:40:11.994  INFO 17888 --- [    Test worker] o.s.t.web.servlet.TestDispatcherServlet  : Completed initialization in 1 ms
Hibernate: 
    insert 
    into
        posts
        (id, created_date, modified_date, author, content, title) 
    values
        (null, ?, ?, ?, ?, ?)
Hibernate: 
    select
        posts0_.id as id1_0_,
        posts0_.created_date as created_2_0_,
        posts0_.modified_date as modified3_0_,
        posts0_.author as author4_0_,
        posts0_.content as content5_0_,
        posts0_.title as title6_0_ 
    from
        posts posts0_
Hibernate: 
    select
        posts0_.id as id1_0_,
        posts0_.created_date as created_2_0_,
        posts0_.modified_date as modified3_0_,
        posts0_.author as author4_0_,
        posts0_.content as content5_0_,
        posts0_.title as title6_0_ 
    from
        posts posts0_
Hibernate: 
    delete 
    from
        posts 
    where
        id=?
2022-04-20 19:40:12.124  INFO 17888 --- [    Test worker] o.a.c.c.C.[Tomcat-1].[localhost].[/]     : Initializing Spring TestDispatcherServlet ''
2022-04-20 19:40:12.125  INFO 17888 --- [    Test worker] o.s.t.web.servlet.TestDispatcherServlet  : Initializing Servlet ''
2022-04-20 19:40:12.126  INFO 17888 --- [    Test worker] o.s.t.web.servlet.TestDispatcherServlet  : Completed initialization in 1 ms
Hibernate: 
    insert 
    into
        posts
        (id, created_date, modified_date, author, content, title) 
    values
        (null, ?, ?, ?, ?, ?)
Hibernate: 
    select
        posts0_.id as id1_0_0_,
        posts0_.created_date as created_2_0_0_,
        posts0_.modified_date as modified3_0_0_,
        posts0_.author as author4_0_0_,
        posts0_.content as content5_0_0_,
        posts0_.title as title6_0_0_ 
    from
        posts posts0_ 
    where
        posts0_.id=?
Hibernate: 
    update
        posts 
    set
        created_date=?,
        modified_date=?,
        author=?,
        content=?,
        title=? 
    where
        id=?
Hibernate: 
    select
        posts0_.id as id1_0_,
        posts0_.created_date as created_2_0_,
        posts0_.modified_date as modified3_0_,
        posts0_.author as author4_0_,
        posts0_.content as content5_0_,
        posts0_.title as title6_0_ 
    from
        posts posts0_
Hibernate: 
    select
        posts0_.id as id1_0_,
        posts0_.created_date as created_2_0_,
        posts0_.modified_date as modified3_0_,
        posts0_.author as author4_0_,
        posts0_.content as content5_0_,
        posts0_.title as title6_0_ 
    from
        posts posts0_
Hibernate: 
    delete 
    from
        posts 
    where
        id=?
]]></system-out>
  <system-err><![CDATA[]]></system-err>
</testsuite>
