<?xml version="1.0" encoding="UTF-8"?>
<testsuite name="pracs1.springboot.web.HelloControllerTest" tests="2" skipped="0" failures="0" errors="0" timestamp="2022-04-20T10:40:09" hostname="DESKTOP-U26GOSF" time="0.236">
  <properties/>
  <testcase name="helloDto리턴()" classname="pracs1.springboot.web.HelloControllerTest" time="0.221"/>
  <testcase name="hello가_리턴된다()" classname="pracs1.springboot.web.HelloControllerTest" time="0.014"/>
  <system-out><![CDATA[2022-04-20 19:40:08.117  INFO 17888 --- [    Test worker] .b.t.a.w.s.WebMvcTestContextBootstrapper : Neither @ContextConfiguration nor @ContextHierarchy found for test class [pracs1.springboot.web.HelloControllerTest], using SpringBootContextLoader
2022-04-20 19:40:08.120  INFO 17888 --- [    Test worker] o.s.t.c.support.AbstractContextLoader    : Could not detect default resource locations for test class [pracs1.springboot.web.HelloControllerTest]: no resource found for suffixes {-context.xml, Context.groovy}.
2022-04-20 19:40:08.121  INFO 17888 --- [    Test worker] t.c.s.AnnotationConfigContextLoaderUtils : Could not detect default configuration classes for test class [pracs1.springboot.web.HelloControllerTest]: HelloControllerTest does not declare any static, non-private, non-final, nested classes annotated with @Configuration.
2022-04-20 19:40:08.153  INFO 17888 --- [    Test worker] .b.t.c.SpringBootTestContextBootstrapper : Found @SpringBootConfiguration pracs1.springboot.Application for test class pracs1.springboot.web.HelloControllerTest
2022-04-20 19:40:08.155  INFO 17888 --- [    Test worker] .b.t.a.w.s.WebMvcTestContextBootstrapper : Loaded default TestExecutionListener class names from location [META-INF/spring.factories]: [org.springframework.security.test.context.support.WithSecurityContextTestExecutionListener, org.springframework.security.test.context.support.ReactorContextTestExecutionListener, org.springframework.boot.test.autoconfigure.restdocs.RestDocsTestExecutionListener, org.springframework.boot.test.autoconfigure.web.client.MockRestServiceServerResetTestExecutionListener, org.springframework.boot.test.autoconfigure.web.servlet.MockMvcPrintOnlyOnFailureTestExecutionListener, org.springframework.boot.test.autoconfigure.web.servlet.WebDriverTestExecutionListener, org.springframework.boot.test.autoconfigure.webservices.client.MockWebServiceServerTestExecutionListener, org.springframework.boot.test.mock.mockito.MockitoTestExecutionListener, org.springframework.boot.test.mock.mockito.ResetMocksTestExecutionListener, org.springframework.test.context.web.ServletTestExecutionListener, org.springframework.test.context.support.DirtiesContextBeforeModesTestExecutionListener, org.springframework.test.context.support.DependencyInjectionTestExecutionListener, org.springframework.test.context.support.DirtiesContextTestExecutionListener, org.springframework.test.context.transaction.TransactionalTestExecutionListener, org.springframework.test.context.jdbc.SqlScriptsTestExecutionListener, org.springframework.test.context.event.EventPublishingTestExecutionListener]
2022-04-20 19:40:08.157  INFO 17888 --- [    Test worker] .b.t.a.w.s.WebMvcTestContextBootstrapper : Using TestExecutionListeners: [org.springframework.test.context.web.ServletTestExecutionListener@cb91d99, org.springframework.test.context.support.DirtiesContextBeforeModesTestExecutionListener@4df5b521, org.springframework.boot.test.mock.mockito.MockitoTestExecutionListener@237cd76, org.springframework.boot.test.autoconfigure.SpringBootDependencyInjectionTestExecutionListener@1566df58, org.springframework.test.context.support.DirtiesContextTestExecutionListener@51f75db8, org.springframework.test.context.transaction.TransactionalTestExecutionListener@314ba61a, org.springframework.test.context.jdbc.SqlScriptsTestExecutionListener@dab8138, org.springframework.security.test.context.support.WithSecurityContextTestExecutionListener@2e1413ca, org.springframework.test.context.event.EventPublishingTestExecutionListener@4565812d, org.springframework.security.test.context.support.ReactorContextTestExecutionListener@297294ed, org.springframework.boot.test.autoconfigure.restdocs.RestDocsTestExecutionListener@780162ba, org.springframework.boot.test.autoconfigure.web.client.MockRestServiceServerResetTestExecutionListener@7685a433, org.springframework.boot.test.autoconfigure.web.servlet.MockMvcPrintOnlyOnFailureTestExecutionListener@1f002f27, org.springframework.boot.test.autoconfigure.web.servlet.WebDriverTestExecutionListener@22e815d6, org.springframework.boot.test.autoconfigure.webservices.client.MockWebServiceServerTestExecutionListener@518fa783, org.springframework.boot.test.mock.mockito.ResetMocksTestExecutionListener@a7025bd]

  .   ____          _            __ _ _
 /\\ / ___'_ __ _ _(_)_ __  __ _ \ \ \ \
( ( )\___ | '_ | '_| | '_ \/ _` | \ \ \ \
 \\/  ___)| |_)| | | | | || (_| |  ) ) ) )
  '  |____| .__|_| |_|_| |_\__, | / / / /
 =========|_|==============|___/=/_/_/_/
 :: Spring Boot ::                (v2.4.1)

2022-04-20 19:40:08.201  INFO 17888 --- [    Test worker] p.springboot.web.HelloControllerTest     : Starting HelloControllerTest using Java 1.8.0_321 on DESKTOP-U26GOSF with PID 17888 (started by 권태현 in D:\pracs1)
2022-04-20 19:40:08.203  INFO 17888 --- [    Test worker] p.springboot.web.HelloControllerTest     : No active profile set, falling back to default profiles: default
2022-04-20 19:40:08.731  INFO 17888 --- [    Test worker] o.s.s.concurrent.ThreadPoolTaskExecutor  : Initializing ExecutorService 'applicationTaskExecutor'
2022-04-20 19:40:08.776  INFO 17888 --- [    Test worker] o.s.b.a.w.s.WelcomePageHandlerMapping    : Adding welcome page template: index
2022-04-20 19:40:09.297  INFO 17888 --- [    Test worker] o.s.s.web.DefaultSecurityFilterChain     : Will secure any request with [org.springframework.security.web.context.request.async.WebAsyncManagerIntegrationFilter@7b1c9e92, org.springframework.security.web.context.SecurityContextPersistenceFilter@5892fe52, org.springframework.security.web.header.HeaderWriterFilter@74a17929, org.springframework.security.web.csrf.CsrfFilter@2a5c7de9, org.springframework.security.web.authentication.logout.LogoutFilter@56553cd7, org.springframework.security.oauth2.client.web.OAuth2AuthorizationRequestRedirectFilter@c85b434, org.springframework.security.oauth2.client.web.OAuth2AuthorizationRequestRedirectFilter@29d85e5b, org.springframework.security.oauth2.client.web.OAuth2LoginAuthenticationFilter@77538a78, org.springframework.security.web.authentication.ui.DefaultLoginPageGeneratingFilter@2c0572d5, org.springframework.security.web.authentication.ui.DefaultLogoutPageGeneratingFilter@6acbd26b, org.springframework.security.web.savedrequest.RequestCacheAwareFilter@45fceb6, org.springframework.security.web.servletapi.SecurityContextHolderAwareRequestFilter@7bc88725, org.springframework.security.web.authentication.AnonymousAuthenticationFilter@4a75ba21, org.springframework.security.oauth2.client.web.OAuth2AuthorizationCodeGrantFilter@9c53b68, org.springframework.security.web.session.SessionManagementFilter@3d5be161, org.springframework.security.web.access.ExceptionTranslationFilter@6247cadc, org.springframework.security.web.access.intercept.FilterSecurityInterceptor@23afbf46]
2022-04-20 19:40:09.413  INFO 17888 --- [    Test worker] o.s.b.t.m.w.SpringBootMockServletContext : Initializing Spring TestDispatcherServlet ''
2022-04-20 19:40:09.413  INFO 17888 --- [    Test worker] o.s.t.web.servlet.TestDispatcherServlet  : Initializing Servlet ''
2022-04-20 19:40:09.414  INFO 17888 --- [    Test worker] o.s.t.web.servlet.TestDispatcherServlet  : Completed initialization in 1 ms
2022-04-20 19:40:09.437  INFO 17888 --- [    Test worker] p.springboot.web.HelloControllerTest     : Started HelloControllerTest in 1.273 seconds (JVM running for 20.253)
]]></system-out>
  <system-err><![CDATA[]]></system-err>
</testsuite>
