<?xml version="1.0" encoding="UTF-8"?>
<testsuite name="pracs1.springboot.web.HelloControllerTest" tests="2" skipped="0" failures="0" errors="0" timestamp="2022-04-06T08:46:56" hostname="DESKTOP-U26GOSF" time="0.269">
  <properties/>
  <testcase name="helloDto리턴()" classname="pracs1.springboot.web.HelloControllerTest" time="0.254"/>
  <testcase name="hello가_리턴된다()" classname="pracs1.springboot.web.HelloControllerTest" time="0.014"/>
  <system-out><![CDATA[2022-04-06 17:46:55.010  INFO 6648 --- [    Test worker] .b.t.a.w.s.WebMvcTestContextBootstrapper : Neither @ContextConfiguration nor @ContextHierarchy found for test class [pracs1.springboot.web.HelloControllerTest], using SpringBootContextLoader
2022-04-06 17:46:55.012  INFO 6648 --- [    Test worker] o.s.t.c.support.AbstractContextLoader    : Could not detect default resource locations for test class [pracs1.springboot.web.HelloControllerTest]: no resource found for suffixes {-context.xml, Context.groovy}.
2022-04-06 17:46:55.012  INFO 6648 --- [    Test worker] t.c.s.AnnotationConfigContextLoaderUtils : Could not detect default configuration classes for test class [pracs1.springboot.web.HelloControllerTest]: HelloControllerTest does not declare any static, non-private, non-final, nested classes annotated with @Configuration.
2022-04-06 17:46:55.047  INFO 6648 --- [    Test worker] .b.t.c.SpringBootTestContextBootstrapper : Found @SpringBootConfiguration pracs1.springboot.Application for test class pracs1.springboot.web.HelloControllerTest
2022-04-06 17:46:55.048  INFO 6648 --- [    Test worker] .b.t.a.w.s.WebMvcTestContextBootstrapper : Loaded default TestExecutionListener class names from location [META-INF/spring.factories]: [org.springframework.security.test.context.support.WithSecurityContextTestExecutionListener, org.springframework.security.test.context.support.ReactorContextTestExecutionListener, org.springframework.boot.test.autoconfigure.restdocs.RestDocsTestExecutionListener, org.springframework.boot.test.autoconfigure.web.client.MockRestServiceServerResetTestExecutionListener, org.springframework.boot.test.autoconfigure.web.servlet.MockMvcPrintOnlyOnFailureTestExecutionListener, org.springframework.boot.test.autoconfigure.web.servlet.WebDriverTestExecutionListener, org.springframework.boot.test.autoconfigure.webservices.client.MockWebServiceServerTestExecutionListener, org.springframework.boot.test.mock.mockito.MockitoTestExecutionListener, org.springframework.boot.test.mock.mockito.ResetMocksTestExecutionListener, org.springframework.test.context.web.ServletTestExecutionListener, org.springframework.test.context.support.DirtiesContextBeforeModesTestExecutionListener, org.springframework.test.context.support.DependencyInjectionTestExecutionListener, org.springframework.test.context.support.DirtiesContextTestExecutionListener, org.springframework.test.context.transaction.TransactionalTestExecutionListener, org.springframework.test.context.jdbc.SqlScriptsTestExecutionListener, org.springframework.test.context.event.EventPublishingTestExecutionListener]
2022-04-06 17:46:55.050  INFO 6648 --- [    Test worker] .b.t.a.w.s.WebMvcTestContextBootstrapper : Using TestExecutionListeners: [org.springframework.test.context.web.ServletTestExecutionListener@7c8adbac, org.springframework.test.context.support.DirtiesContextBeforeModesTestExecutionListener@59c7e06e, org.springframework.boot.test.mock.mockito.MockitoTestExecutionListener@4943249, org.springframework.boot.test.autoconfigure.SpringBootDependencyInjectionTestExecutionListener@34197d3e, org.springframework.test.context.support.DirtiesContextTestExecutionListener@1e6497aa, org.springframework.test.context.transaction.TransactionalTestExecutionListener@7846c098, org.springframework.test.context.jdbc.SqlScriptsTestExecutionListener@5d65a3a3, org.springframework.security.test.context.support.WithSecurityContextTestExecutionListener@226ac5bc, org.springframework.test.context.event.EventPublishingTestExecutionListener@1889df9c, org.springframework.security.test.context.support.ReactorContextTestExecutionListener@56059e15, org.springframework.boot.test.autoconfigure.restdocs.RestDocsTestExecutionListener@268d47cd, org.springframework.boot.test.autoconfigure.web.client.MockRestServiceServerResetTestExecutionListener@52be2185, org.springframework.boot.test.autoconfigure.web.servlet.MockMvcPrintOnlyOnFailureTestExecutionListener@49d6171, org.springframework.boot.test.autoconfigure.web.servlet.WebDriverTestExecutionListener@7e92a2c1, org.springframework.boot.test.autoconfigure.webservices.client.MockWebServiceServerTestExecutionListener@326d21f1, org.springframework.boot.test.mock.mockito.ResetMocksTestExecutionListener@117c8c30]

  .   ____          _            __ _ _
 /\\ / ___'_ __ _ _(_)_ __  __ _ \ \ \ \
( ( )\___ | '_ | '_| | '_ \/ _` | \ \ \ \
 \\/  ___)| |_)| | | | | || (_| |  ) ) ) )
  '  |____| .__|_| |_|_| |_\__, | / / / /
 =========|_|==============|___/=/_/_/_/
 :: Spring Boot ::                (v2.4.1)

2022-04-06 17:46:55.102  INFO 6648 --- [    Test worker] p.springboot.web.HelloControllerTest     : Starting HelloControllerTest using Java 1.8.0_321 on DESKTOP-U26GOSF with PID 6648 (started by 권태현 in D:\pracs1)
2022-04-06 17:46:55.104  INFO 6648 --- [    Test worker] p.springboot.web.HelloControllerTest     : No active profile set, falling back to default profiles: default
2022-04-06 17:46:55.705  INFO 6648 --- [    Test worker] o.s.s.concurrent.ThreadPoolTaskExecutor  : Initializing ExecutorService 'applicationTaskExecutor'
2022-04-06 17:46:55.758  INFO 6648 --- [    Test worker] o.s.b.a.w.s.WelcomePageHandlerMapping    : Adding welcome page template: index
2022-04-06 17:46:56.242  INFO 6648 --- [    Test worker] o.s.s.web.DefaultSecurityFilterChain     : Will secure any request with [org.springframework.security.web.context.request.async.WebAsyncManagerIntegrationFilter@4b00ddc9, org.springframework.security.web.context.SecurityContextPersistenceFilter@3862a6d5, org.springframework.security.web.header.HeaderWriterFilter@9d0f92b, org.springframework.security.web.csrf.CsrfFilter@66a4ebe0, org.springframework.security.web.authentication.logout.LogoutFilter@25f38c8b, org.springframework.security.oauth2.client.web.OAuth2AuthorizationRequestRedirectFilter@6f621727, org.springframework.security.oauth2.client.web.OAuth2AuthorizationRequestRedirectFilter@53a110e2, org.springframework.security.oauth2.client.web.OAuth2LoginAuthenticationFilter@4f65682, org.springframework.security.web.authentication.ui.DefaultLoginPageGeneratingFilter@7b6465ba, org.springframework.security.web.authentication.ui.DefaultLogoutPageGeneratingFilter@5e1af4cc, org.springframework.security.web.savedrequest.RequestCacheAwareFilter@19a8fc2b, org.springframework.security.web.servletapi.SecurityContextHolderAwareRequestFilter@173f5794, org.springframework.security.web.authentication.AnonymousAuthenticationFilter@350021f4, org.springframework.security.oauth2.client.web.OAuth2AuthorizationCodeGrantFilter@130f1fc4, org.springframework.security.web.session.SessionManagementFilter@48eae81a, org.springframework.security.web.access.ExceptionTranslationFilter@69d90654, org.springframework.security.web.access.intercept.FilterSecurityInterceptor@295bdb1f]
2022-04-06 17:46:56.386  INFO 6648 --- [    Test worker] o.s.b.t.m.w.SpringBootMockServletContext : Initializing Spring TestDispatcherServlet ''
2022-04-06 17:46:56.386  INFO 6648 --- [    Test worker] o.s.t.web.servlet.TestDispatcherServlet  : Initializing Servlet ''
2022-04-06 17:46:56.387  INFO 6648 --- [    Test worker] o.s.t.web.servlet.TestDispatcherServlet  : Completed initialization in 1 ms
2022-04-06 17:46:56.410  INFO 6648 --- [    Test worker] p.springboot.web.HelloControllerTest     : Started HelloControllerTest in 1.355 seconds (JVM running for 13.606)
]]></system-out>
  <system-err><![CDATA[]]></system-err>
</testsuite>
