<?xml version="1.0" encoding="UTF-8"?>
<testsuite name="pracs1.springboot.web.HelloControllerTest" tests="2" skipped="0" failures="0" errors="0" timestamp="2022-04-26T01:51:01" hostname="DESKTOP-U26GOSF" time="0.222">
  <properties/>
  <testcase name="helloDto리턴()" classname="pracs1.springboot.web.HelloControllerTest" time="0.207"/>
  <testcase name="hello가_리턴된다()" classname="pracs1.springboot.web.HelloControllerTest" time="0.013"/>
  <system-out><![CDATA[2022-04-26 10:50:59.780  INFO 8636 --- [    Test worker] .b.t.a.w.s.WebMvcTestContextBootstrapper : Neither @ContextConfiguration nor @ContextHierarchy found for test class [pracs1.springboot.web.HelloControllerTest], using SpringBootContextLoader
2022-04-26 10:50:59.782  INFO 8636 --- [    Test worker] o.s.t.c.support.AbstractContextLoader    : Could not detect default resource locations for test class [pracs1.springboot.web.HelloControllerTest]: no resource found for suffixes {-context.xml, Context.groovy}.
2022-04-26 10:50:59.782  INFO 8636 --- [    Test worker] t.c.s.AnnotationConfigContextLoaderUtils : Could not detect default configuration classes for test class [pracs1.springboot.web.HelloControllerTest]: HelloControllerTest does not declare any static, non-private, non-final, nested classes annotated with @Configuration.
2022-04-26 10:50:59.809  INFO 8636 --- [    Test worker] .b.t.c.SpringBootTestContextBootstrapper : Found @SpringBootConfiguration pracs1.springboot.Application for test class pracs1.springboot.web.HelloControllerTest
2022-04-26 10:50:59.811  INFO 8636 --- [    Test worker] .b.t.a.w.s.WebMvcTestContextBootstrapper : Loaded default TestExecutionListener class names from location [META-INF/spring.factories]: [org.springframework.security.test.context.support.WithSecurityContextTestExecutionListener, org.springframework.security.test.context.support.ReactorContextTestExecutionListener, org.springframework.boot.test.autoconfigure.restdocs.RestDocsTestExecutionListener, org.springframework.boot.test.autoconfigure.web.client.MockRestServiceServerResetTestExecutionListener, org.springframework.boot.test.autoconfigure.web.servlet.MockMvcPrintOnlyOnFailureTestExecutionListener, org.springframework.boot.test.autoconfigure.web.servlet.WebDriverTestExecutionListener, org.springframework.boot.test.autoconfigure.webservices.client.MockWebServiceServerTestExecutionListener, org.springframework.boot.test.mock.mockito.MockitoTestExecutionListener, org.springframework.boot.test.mock.mockito.ResetMocksTestExecutionListener, org.springframework.test.context.web.ServletTestExecutionListener, org.springframework.test.context.support.DirtiesContextBeforeModesTestExecutionListener, org.springframework.test.context.support.DependencyInjectionTestExecutionListener, org.springframework.test.context.support.DirtiesContextTestExecutionListener, org.springframework.test.context.transaction.TransactionalTestExecutionListener, org.springframework.test.context.jdbc.SqlScriptsTestExecutionListener, org.springframework.test.context.event.EventPublishingTestExecutionListener]
2022-04-26 10:50:59.813  INFO 8636 --- [    Test worker] .b.t.a.w.s.WebMvcTestContextBootstrapper : Using TestExecutionListeners: [org.springframework.test.context.web.ServletTestExecutionListener@657d79c0, org.springframework.test.context.support.DirtiesContextBeforeModesTestExecutionListener@5dee29f6, org.springframework.boot.test.mock.mockito.MockitoTestExecutionListener@52bf298c, org.springframework.boot.test.autoconfigure.SpringBootDependencyInjectionTestExecutionListener@3bc8adfa, org.springframework.test.context.support.DirtiesContextTestExecutionListener@35f5603a, org.springframework.test.context.transaction.TransactionalTestExecutionListener@19784eeb, org.springframework.test.context.jdbc.SqlScriptsTestExecutionListener@3220e701, org.springframework.security.test.context.support.WithSecurityContextTestExecutionListener@4cf93bc2, org.springframework.test.context.event.EventPublishingTestExecutionListener@521376d7, org.springframework.security.test.context.support.ReactorContextTestExecutionListener@9476568, org.springframework.boot.test.autoconfigure.restdocs.RestDocsTestExecutionListener@3c6a93ae, org.springframework.boot.test.autoconfigure.web.client.MockRestServiceServerResetTestExecutionListener@39c898ca, org.springframework.boot.test.autoconfigure.web.servlet.MockMvcPrintOnlyOnFailureTestExecutionListener@70a4e4ea, org.springframework.boot.test.autoconfigure.web.servlet.WebDriverTestExecutionListener@42faa3b3, org.springframework.boot.test.autoconfigure.webservices.client.MockWebServiceServerTestExecutionListener@2a65bfa1, org.springframework.boot.test.mock.mockito.ResetMocksTestExecutionListener@57967cef]

  .   ____          _            __ _ _
 /\\ / ___'_ __ _ _(_)_ __  __ _ \ \ \ \
( ( )\___ | '_ | '_| | '_ \/ _` | \ \ \ \
 \\/  ___)| |_)| | | | | || (_| |  ) ) ) )
  '  |____| .__|_| |_|_| |_\__, | / / / /
 =========|_|==============|___/=/_/_/_/
 :: Spring Boot ::                (v2.4.1)

2022-04-26 10:50:59.857  INFO 8636 --- [    Test worker] p.springboot.web.HelloControllerTest     : Starting HelloControllerTest using Java 1.8.0_321 on DESKTOP-U26GOSF with PID 8636 (started by 권태현 in D:\pracs1)
2022-04-26 10:50:59.858  INFO 8636 --- [    Test worker] p.springboot.web.HelloControllerTest     : No active profile set, falling back to default profiles: default
2022-04-26 10:51:00.385  INFO 8636 --- [    Test worker] o.s.s.concurrent.ThreadPoolTaskExecutor  : Initializing ExecutorService 'applicationTaskExecutor'
2022-04-26 10:51:00.447  INFO 8636 --- [    Test worker] o.s.b.a.w.s.WelcomePageHandlerMapping    : Adding welcome page template: index
2022-04-26 10:51:01.019  INFO 8636 --- [    Test worker] o.s.s.web.DefaultSecurityFilterChain     : Will secure any request with [org.springframework.security.web.context.request.async.WebAsyncManagerIntegrationFilter@78af9ded, org.springframework.security.web.context.SecurityContextPersistenceFilter@3be33a7d, org.springframework.security.web.header.HeaderWriterFilter@715f8eb8, org.springframework.security.web.csrf.CsrfFilter@63e633f5, org.springframework.security.web.authentication.logout.LogoutFilter@19ea0a33, org.springframework.security.oauth2.client.web.OAuth2AuthorizationRequestRedirectFilter@1aea9261, org.springframework.security.oauth2.client.web.OAuth2AuthorizationRequestRedirectFilter@6a97c996, org.springframework.security.oauth2.client.web.OAuth2LoginAuthenticationFilter@18d8cbaa, org.springframework.security.web.authentication.ui.DefaultLoginPageGeneratingFilter@4c1d681b, org.springframework.security.web.authentication.ui.DefaultLogoutPageGeneratingFilter@7b936043, org.springframework.security.web.savedrequest.RequestCacheAwareFilter@363c73d6, org.springframework.security.web.servletapi.SecurityContextHolderAwareRequestFilter@3b1b01e7, org.springframework.security.web.authentication.AnonymousAuthenticationFilter@7e03e1e7, org.springframework.security.oauth2.client.web.OAuth2AuthorizationCodeGrantFilter@5e0b73cd, org.springframework.security.web.session.SessionManagementFilter@23f472fd, org.springframework.security.web.access.ExceptionTranslationFilter@2f7444cb, org.springframework.security.web.access.intercept.FilterSecurityInterceptor@3d19f48b]
2022-04-26 10:51:01.161  INFO 8636 --- [    Test worker] o.s.b.t.m.w.SpringBootMockServletContext : Initializing Spring TestDispatcherServlet ''
2022-04-26 10:51:01.161  INFO 8636 --- [    Test worker] o.s.t.web.servlet.TestDispatcherServlet  : Initializing Servlet ''
2022-04-26 10:51:01.162  INFO 8636 --- [    Test worker] o.s.t.web.servlet.TestDispatcherServlet  : Completed initialization in 1 ms
2022-04-26 10:51:01.187  INFO 8636 --- [    Test worker] p.springboot.web.HelloControllerTest     : Started HelloControllerTest in 1.369 seconds (JVM running for 20.019)
]]></system-out>
  <system-err><![CDATA[]]></system-err>
</testsuite>
