<?xml version="1.0" encoding="UTF-8"?>
<testsuite name="pracs1.springboot.web.HelloControllerTest" tests="2" skipped="0" failures="0" errors="0" timestamp="2022-04-26T02:46:46" hostname="DESKTOP-U26GOSF" time="0.269">
  <properties/>
  <testcase name="helloDto리턴()" classname="pracs1.springboot.web.HelloControllerTest" time="0.256"/>
  <testcase name="hello가_리턴된다()" classname="pracs1.springboot.web.HelloControllerTest" time="0.012"/>
  <system-out><![CDATA[2022-04-26 11:46:44.870  INFO 15420 --- [    Test worker] .b.t.a.w.s.WebMvcTestContextBootstrapper : Neither @ContextConfiguration nor @ContextHierarchy found for test class [pracs1.springboot.web.HelloControllerTest], using SpringBootContextLoader
2022-04-26 11:46:44.871  INFO 15420 --- [    Test worker] o.s.t.c.support.AbstractContextLoader    : Could not detect default resource locations for test class [pracs1.springboot.web.HelloControllerTest]: no resource found for suffixes {-context.xml, Context.groovy}.
2022-04-26 11:46:44.871  INFO 15420 --- [    Test worker] t.c.s.AnnotationConfigContextLoaderUtils : Could not detect default configuration classes for test class [pracs1.springboot.web.HelloControllerTest]: HelloControllerTest does not declare any static, non-private, non-final, nested classes annotated with @Configuration.
2022-04-26 11:46:44.899  INFO 15420 --- [    Test worker] .b.t.c.SpringBootTestContextBootstrapper : Found @SpringBootConfiguration pracs1.springboot.Application for test class pracs1.springboot.web.HelloControllerTest
2022-04-26 11:46:44.901  INFO 15420 --- [    Test worker] .b.t.a.w.s.WebMvcTestContextBootstrapper : Loaded default TestExecutionListener class names from location [META-INF/spring.factories]: [org.springframework.security.test.context.support.WithSecurityContextTestExecutionListener, org.springframework.security.test.context.support.ReactorContextTestExecutionListener, org.springframework.boot.test.autoconfigure.restdocs.RestDocsTestExecutionListener, org.springframework.boot.test.autoconfigure.web.client.MockRestServiceServerResetTestExecutionListener, org.springframework.boot.test.autoconfigure.web.servlet.MockMvcPrintOnlyOnFailureTestExecutionListener, org.springframework.boot.test.autoconfigure.web.servlet.WebDriverTestExecutionListener, org.springframework.boot.test.autoconfigure.webservices.client.MockWebServiceServerTestExecutionListener, org.springframework.boot.test.mock.mockito.MockitoTestExecutionListener, org.springframework.boot.test.mock.mockito.ResetMocksTestExecutionListener, org.springframework.test.context.web.ServletTestExecutionListener, org.springframework.test.context.support.DirtiesContextBeforeModesTestExecutionListener, org.springframework.test.context.support.DependencyInjectionTestExecutionListener, org.springframework.test.context.support.DirtiesContextTestExecutionListener, org.springframework.test.context.transaction.TransactionalTestExecutionListener, org.springframework.test.context.jdbc.SqlScriptsTestExecutionListener, org.springframework.test.context.event.EventPublishingTestExecutionListener]
2022-04-26 11:46:44.902  INFO 15420 --- [    Test worker] .b.t.a.w.s.WebMvcTestContextBootstrapper : Using TestExecutionListeners: [org.springframework.test.context.web.ServletTestExecutionListener@3f4c7c01, org.springframework.test.context.support.DirtiesContextBeforeModesTestExecutionListener@74c6e954, org.springframework.boot.test.mock.mockito.MockitoTestExecutionListener@fb35adb, org.springframework.boot.test.autoconfigure.SpringBootDependencyInjectionTestExecutionListener@32ff8d8a, org.springframework.test.context.support.DirtiesContextTestExecutionListener@6e8f43a0, org.springframework.test.context.transaction.TransactionalTestExecutionListener@2dc08b6c, org.springframework.test.context.jdbc.SqlScriptsTestExecutionListener@38b0798d, org.springframework.security.test.context.support.WithSecurityContextTestExecutionListener@766d20cc, org.springframework.test.context.event.EventPublishingTestExecutionListener@62ebefe2, org.springframework.security.test.context.support.ReactorContextTestExecutionListener@4bd98338, org.springframework.boot.test.autoconfigure.restdocs.RestDocsTestExecutionListener@709ee7df, org.springframework.boot.test.autoconfigure.web.client.MockRestServiceServerResetTestExecutionListener@6f6ac240, org.springframework.boot.test.autoconfigure.web.servlet.MockMvcPrintOnlyOnFailureTestExecutionListener@5243b4b0, org.springframework.boot.test.autoconfigure.web.servlet.WebDriverTestExecutionListener@55043d83, org.springframework.boot.test.autoconfigure.webservices.client.MockWebServiceServerTestExecutionListener@522398e3, org.springframework.boot.test.mock.mockito.ResetMocksTestExecutionListener@6be22825]

  .   ____          _            __ _ _
 /\\ / ___'_ __ _ _(_)_ __  __ _ \ \ \ \
( ( )\___ | '_ | '_| | '_ \/ _` | \ \ \ \
 \\/  ___)| |_)| | | | | || (_| |  ) ) ) )
  '  |____| .__|_| |_|_| |_\__, | / / / /
 =========|_|==============|___/=/_/_/_/
 :: Spring Boot ::                (v2.4.1)

2022-04-26 11:46:44.943  INFO 15420 --- [    Test worker] p.springboot.web.HelloControllerTest     : Starting HelloControllerTest using Java 1.8.0_321 on DESKTOP-U26GOSF with PID 15420 (started by 권태현 in D:\pracs1)
2022-04-26 11:46:44.945  INFO 15420 --- [    Test worker] p.springboot.web.HelloControllerTest     : No active profile set, falling back to default profiles: default
2022-04-26 11:46:45.503  INFO 15420 --- [    Test worker] o.s.s.concurrent.ThreadPoolTaskExecutor  : Initializing ExecutorService 'applicationTaskExecutor'
2022-04-26 11:46:45.550  INFO 15420 --- [    Test worker] o.s.b.a.w.s.WelcomePageHandlerMapping    : Adding welcome page template: index
2022-04-26 11:46:46.045  INFO 15420 --- [    Test worker] o.s.s.web.DefaultSecurityFilterChain     : Will secure any request with [org.springframework.security.web.context.request.async.WebAsyncManagerIntegrationFilter@17962d4e, org.springframework.security.web.context.SecurityContextPersistenceFilter@38156887, org.springframework.security.web.header.HeaderWriterFilter@72770f19, org.springframework.security.web.csrf.CsrfFilter@448bdc16, org.springframework.security.web.authentication.logout.LogoutFilter@69dbaa1a, org.springframework.security.oauth2.client.web.OAuth2AuthorizationRequestRedirectFilter@45c200e4, org.springframework.security.oauth2.client.web.OAuth2AuthorizationRequestRedirectFilter@12953ac5, org.springframework.security.oauth2.client.web.OAuth2LoginAuthenticationFilter@ec77c75, org.springframework.security.web.authentication.ui.DefaultLoginPageGeneratingFilter@1cff128e, org.springframework.security.web.authentication.ui.DefaultLogoutPageGeneratingFilter@44f9a69b, org.springframework.security.web.savedrequest.RequestCacheAwareFilter@68b3bc4b, org.springframework.security.web.servletapi.SecurityContextHolderAwareRequestFilter@22766983, org.springframework.security.web.authentication.AnonymousAuthenticationFilter@43998835, org.springframework.security.oauth2.client.web.OAuth2AuthorizationCodeGrantFilter@45e841f0, org.springframework.security.web.session.SessionManagementFilter@6886062d, org.springframework.security.web.access.ExceptionTranslationFilter@3f9dfd6b, org.springframework.security.web.access.intercept.FilterSecurityInterceptor@6a6edc08]
2022-04-26 11:46:46.185  INFO 15420 --- [    Test worker] o.s.b.t.m.w.SpringBootMockServletContext : Initializing Spring TestDispatcherServlet ''
2022-04-26 11:46:46.185  INFO 15420 --- [    Test worker] o.s.t.web.servlet.TestDispatcherServlet  : Initializing Servlet ''
2022-04-26 11:46:46.187  INFO 15420 --- [    Test worker] o.s.t.web.servlet.TestDispatcherServlet  : Completed initialization in 1 ms
2022-04-26 11:46:46.208  INFO 15420 --- [    Test worker] p.springboot.web.HelloControllerTest     : Started HelloControllerTest in 1.302 seconds (JVM running for 14.21)
]]></system-out>
  <system-err><![CDATA[]]></system-err>
</testsuite>
