<?xml version="1.0" encoding="UTF-8"?>
<testsuite name="pracs1.springboot.domain.posts.PostsRepositoryTest" tests="3" skipped="0" failures="0" errors="0" timestamp="2022-04-26T01:50:59" hostname="DESKTOP-U26GOSF" time="0.184">
  <properties/>
  <testcase name="게시글저장_불러오기()" classname="pracs1.springboot.domain.posts.PostsRepositoryTest" time="0.111"/>
  <testcase name="findByTitleContainingTest()" classname="pracs1.springboot.domain.posts.PostsRepositoryTest" time="0.05"/>
  <testcase name="BaseTimeEntity등록()" classname="pracs1.springboot.domain.posts.PostsRepositoryTest" time="0.021"/>
  <system-out><![CDATA[2022-04-26 10:50:57.059  INFO 8636 --- [    Test worker] .b.t.c.SpringBootTestContextBootstrapper : Neither @ContextConfiguration nor @ContextHierarchy found for test class [pracs1.springboot.domain.posts.PostsRepositoryTest], using SpringBootContextLoader
2022-04-26 10:50:57.061  INFO 8636 --- [    Test worker] o.s.t.c.support.AbstractContextLoader    : Could not detect default resource locations for test class [pracs1.springboot.domain.posts.PostsRepositoryTest]: no resource found for suffixes {-context.xml, Context.groovy}.
2022-04-26 10:50:57.061  INFO 8636 --- [    Test worker] t.c.s.AnnotationConfigContextLoaderUtils : Could not detect default configuration classes for test class [pracs1.springboot.domain.posts.PostsRepositoryTest]: PostsRepositoryTest does not declare any static, non-private, non-final, nested classes annotated with @Configuration.
2022-04-26 10:50:57.076  INFO 8636 --- [    Test worker] .b.t.c.SpringBootTestContextBootstrapper : Found @SpringBootConfiguration pracs1.springboot.Application for test class pracs1.springboot.domain.posts.PostsRepositoryTest
2022-04-26 10:50:57.080  INFO 8636 --- [    Test worker] .b.t.c.SpringBootTestContextBootstrapper : Loaded default TestExecutionListener class names from location [META-INF/spring.factories]: [org.springframework.security.test.context.support.WithSecurityContextTestExecutionListener, org.springframework.security.test.context.support.ReactorContextTestExecutionListener, org.springframework.boot.test.autoconfigure.restdocs.RestDocsTestExecutionListener, org.springframework.boot.test.autoconfigure.web.client.MockRestServiceServerResetTestExecutionListener, org.springframework.boot.test.autoconfigure.web.servlet.MockMvcPrintOnlyOnFailureTestExecutionListener, org.springframework.boot.test.autoconfigure.web.servlet.WebDriverTestExecutionListener, org.springframework.boot.test.autoconfigure.webservices.client.MockWebServiceServerTestExecutionListener, org.springframework.boot.test.mock.mockito.MockitoTestExecutionListener, org.springframework.boot.test.mock.mockito.ResetMocksTestExecutionListener, org.springframework.test.context.web.ServletTestExecutionListener, org.springframework.test.context.support.DirtiesContextBeforeModesTestExecutionListener, org.springframework.test.context.support.DependencyInjectionTestExecutionListener, org.springframework.test.context.support.DirtiesContextTestExecutionListener, org.springframework.test.context.transaction.TransactionalTestExecutionListener, org.springframework.test.context.jdbc.SqlScriptsTestExecutionListener, org.springframework.test.context.event.EventPublishingTestExecutionListener]
2022-04-26 10:50:57.081  INFO 8636 --- [    Test worker] .b.t.c.SpringBootTestContextBootstrapper : Using TestExecutionListeners: [org.springframework.test.context.web.ServletTestExecutionListener@1bea7a75, org.springframework.test.context.support.DirtiesContextBeforeModesTestExecutionListener@3eccb7a4, org.springframework.boot.test.mock.mockito.MockitoTestExecutionListener@66cb994a, org.springframework.boot.test.autoconfigure.SpringBootDependencyInjectionTestExecutionListener@35a9b607, org.springframework.test.context.support.DirtiesContextTestExecutionListener@7dd84b15, org.springframework.test.context.transaction.TransactionalTestExecutionListener@2672b29d, org.springframework.test.context.jdbc.SqlScriptsTestExecutionListener@1cc97ed0, org.springframework.security.test.context.support.WithSecurityContextTestExecutionListener@6428fac0, org.springframework.test.context.event.EventPublishingTestExecutionListener@5b9795b3, org.springframework.security.test.context.support.ReactorContextTestExecutionListener@68c22206, org.springframework.boot.test.autoconfigure.restdocs.RestDocsTestExecutionListener@3f2afe30, org.springframework.boot.test.autoconfigure.web.client.MockRestServiceServerResetTestExecutionListener@1cf7fdef, org.springframework.boot.test.autoconfigure.web.servlet.MockMvcPrintOnlyOnFailureTestExecutionListener@7b2ac9cf, org.springframework.boot.test.autoconfigure.web.servlet.WebDriverTestExecutionListener@20116be, org.springframework.boot.test.autoconfigure.webservices.client.MockWebServiceServerTestExecutionListener@6ab2b3b0, org.springframework.boot.test.mock.mockito.ResetMocksTestExecutionListener@4909238c]

  .   ____          _            __ _ _
 /\\ / ___'_ __ _ _(_)_ __  __ _ \ \ \ \
( ( )\___ | '_ | '_| | '_ \/ _` | \ \ \ \
 \\/  ___)| |_)| | | | | || (_| |  ) ) ) )
  '  |____| .__|_| |_|_| |_\__, | / / / /
 =========|_|==============|___/=/_/_/_/
 :: Spring Boot ::                (v2.4.1)

2022-04-26 10:50:57.124  INFO 8636 --- [    Test worker] p.s.domain.posts.PostsRepositoryTest     : Starting PostsRepositoryTest using Java 1.8.0_321 on DESKTOP-U26GOSF with PID 8636 (started by 권태현 in D:\pracs1)
2022-04-26 10:50:57.126  INFO 8636 --- [    Test worker] p.s.domain.posts.PostsRepositoryTest     : No active profile set, falling back to default profiles: default
2022-04-26 10:50:57.483  INFO 8636 --- [    Test worker] .s.d.r.c.RepositoryConfigurationDelegate : Bootstrapping Spring Data JPA repositories in DEFAULT mode.
2022-04-26 10:50:57.508  INFO 8636 --- [    Test worker] .s.d.r.c.RepositoryConfigurationDelegate : Finished Spring Data repository scanning in 24 ms. Found 2 JPA repository interfaces.
2022-04-26 10:50:57.824  INFO 8636 --- [    Test worker] o.hibernate.jpa.internal.util.LogHelper  : HHH000204: Processing PersistenceUnitInfo [name: default]
2022-04-26 10:50:57.833  INFO 8636 --- [    Test worker] com.zaxxer.hikari.HikariDataSource       : HikariPool-2 - Starting...
2022-04-26 10:50:57.837  INFO 8636 --- [    Test worker] com.zaxxer.hikari.HikariDataSource       : HikariPool-2 - Start completed.
2022-04-26 10:50:57.838  INFO 8636 --- [    Test worker] org.hibernate.dialect.Dialect            : HHH000400: Using dialect: org.hibernate.dialect.H2Dialect
Hibernate: drop table if exists posts CASCADE 
Hibernate: drop table if exists user CASCADE 
Hibernate: create table posts (id bigint generated by default as identity, created_date timestamp, modified_date timestamp, author varchar(255), content TEXT not null, title varchar(500) not null, primary key (id))
Hibernate: create table user (id bigint generated by default as identity, created_date timestamp, modified_date timestamp, email varchar(255) not null, name varchar(255) not null, pictures varchar(255), role varchar(255) not null, primary key (id))
2022-04-26 10:50:57.928  INFO 8636 --- [    Test worker] o.h.e.t.j.p.i.JtaPlatformInitiator       : HHH000490: Using JtaPlatform implementation: [org.hibernate.engine.transaction.jta.platform.internal.NoJtaPlatform]
2022-04-26 10:50:57.928  INFO 8636 --- [    Test worker] j.LocalContainerEntityManagerFactoryBean : Initialized JPA EntityManagerFactory for persistence unit 'default'
2022-04-26 10:50:58.139  WARN 8636 --- [    Test worker] JpaBaseConfiguration$JpaWebConfiguration : spring.jpa.open-in-view is enabled by default. Therefore, database queries may be performed during view rendering. Explicitly configure spring.jpa.open-in-view to disable this warning
2022-04-26 10:50:58.447  INFO 8636 --- [    Test worker] o.s.s.web.DefaultSecurityFilterChain     : Will secure any request with [org.springframework.security.web.context.request.async.WebAsyncManagerIntegrationFilter@3b1de3ce, org.springframework.security.web.context.SecurityContextPersistenceFilter@3a898c01, org.springframework.security.web.header.HeaderWriterFilter@6899e463, org.springframework.security.web.authentication.logout.LogoutFilter@1620f1c4, org.springframework.security.oauth2.client.web.OAuth2AuthorizationRequestRedirectFilter@7cb2303b, org.springframework.security.oauth2.client.web.OAuth2LoginAuthenticationFilter@7d957ecc, org.springframework.security.web.authentication.ui.DefaultLoginPageGeneratingFilter@2d54485, org.springframework.security.web.authentication.ui.DefaultLogoutPageGeneratingFilter@24ba9ff0, org.springframework.security.web.savedrequest.RequestCacheAwareFilter@323a1649, org.springframework.security.web.servletapi.SecurityContextHolderAwareRequestFilter@15a75691, org.springframework.security.web.authentication.AnonymousAuthenticationFilter@496440b4, org.springframework.security.web.session.SessionManagementFilter@6d0f5d55, org.springframework.security.web.access.ExceptionTranslationFilter@5e4ade3f, org.springframework.security.web.access.intercept.FilterSecurityInterceptor@1e20230e]
2022-04-26 10:50:58.784  INFO 8636 --- [    Test worker] o.s.s.concurrent.ThreadPoolTaskExecutor  : Initializing ExecutorService 'applicationTaskExecutor'
2022-04-26 10:50:58.818  INFO 8636 --- [    Test worker] o.s.b.a.h2.H2ConsoleAutoConfiguration    : H2 console available at '/h2-console'. Database available at 'jdbc:h2:mem:3f458160-388a-4d6f-a1c2-3ed1246fcfff'
2022-04-26 10:50:58.871  INFO 8636 --- [    Test worker] o.s.b.a.w.s.WelcomePageHandlerMapping    : Adding welcome page template: index
2022-04-26 10:50:59.421  INFO 8636 --- [    Test worker] s.a.ScheduledAnnotationBeanPostProcessor : No TaskScheduler/ScheduledExecutorService bean found for scheduled processing
2022-04-26 10:50:59.423  INFO 8636 --- [    Test worker] p.s.domain.posts.PostsRepositoryTest     : Started PostsRepositoryTest in 2.33 seconds (JVM running for 18.255)
Hibernate: insert into posts (id, created_date, modified_date, author, content, title) values (null, ?, ?, ?, ?, ?)
Hibernate: select posts0_.id as id1_0_, posts0_.created_date as created_2_0_, posts0_.modified_date as modified3_0_, posts0_.author as author4_0_, posts0_.content as content5_0_, posts0_.title as title6_0_ from posts posts0_ order by posts0_.id DESC
Hibernate: select posts0_.id as id1_0_, posts0_.created_date as created_2_0_, posts0_.modified_date as modified3_0_, posts0_.author as author4_0_, posts0_.content as content5_0_, posts0_.title as title6_0_ from posts posts0_
Hibernate: delete from posts where id=?
Hibernate: insert into posts (id, created_date, modified_date, author, content, title) values (null, ?, ?, ?, ?, ?)
Hibernate: insert into posts (id, created_date, modified_date, author, content, title) values (null, ?, ?, ?, ?, ?)
Hibernate: select posts0_.id as id1_0_, posts0_.created_date as created_2_0_, posts0_.modified_date as modified3_0_, posts0_.author as author4_0_, posts0_.content as content5_0_, posts0_.title as title6_0_ from posts posts0_ where posts0_.title like ? escape ?
Hibernate: select posts0_.id as id1_0_, posts0_.created_date as created_2_0_, posts0_.modified_date as modified3_0_, posts0_.author as author4_0_, posts0_.content as content5_0_, posts0_.title as title6_0_ from posts posts0_
Hibernate: delete from posts where id=?
Hibernate: delete from posts where id=?
Hibernate: insert into posts (id, created_date, modified_date, author, content, title) values (null, ?, ?, ?, ?, ?)
Hibernate: select posts0_.id as id1_0_, posts0_.created_date as created_2_0_, posts0_.modified_date as modified3_0_, posts0_.author as author4_0_, posts0_.content as content5_0_, posts0_.title as title6_0_ from posts posts0_
>>>>>>>>> createDate=2022-04-26T10:50:59.609, modifiedDate=2022-04-26T10:50:59.609
Hibernate: select posts0_.id as id1_0_, posts0_.created_date as created_2_0_, posts0_.modified_date as modified3_0_, posts0_.author as author4_0_, posts0_.content as content5_0_, posts0_.title as title6_0_ from posts posts0_
Hibernate: delete from posts where id=?
]]></system-out>
  <system-err><![CDATA[]]></system-err>
</testsuite>
