<?xml version="1.0" encoding="UTF-8"?>
<testsuite name="pracs1.springboot.web.IndexControllerTest" tests="1" skipped="0" failures="0" errors="0" timestamp="2022-04-20T10:40:03" hostname="DESKTOP-U26GOSF" time="1.473">
  <properties/>
  <testcase name="메인페이지_로딩()" classname="pracs1.springboot.web.IndexControllerTest" time="1.473"/>
  <system-out><![CDATA[19:39:51.080 [Test worker] DEBUG org.springframework.test.context.BootstrapUtils - Instantiating CacheAwareContextLoaderDelegate from class [org.springframework.test.context.cache.DefaultCacheAwareContextLoaderDelegate]
19:39:51.111 [Test worker] DEBUG org.springframework.test.context.BootstrapUtils - Instantiating BootstrapContext using constructor [public org.springframework.test.context.support.DefaultBootstrapContext(java.lang.Class,org.springframework.test.context.CacheAwareContextLoaderDelegate)]
19:39:51.193 [Test worker] DEBUG org.springframework.test.context.BootstrapUtils - Instantiating TestContextBootstrapper for test class [pracs1.springboot.web.IndexControllerTest] from class [org.springframework.boot.test.context.SpringBootTestContextBootstrapper]
19:39:51.244 [Test worker] INFO org.springframework.boot.test.context.SpringBootTestContextBootstrapper - Neither @ContextConfiguration nor @ContextHierarchy found for test class [pracs1.springboot.web.IndexControllerTest], using SpringBootContextLoader
19:39:51.255 [Test worker] DEBUG org.springframework.test.context.support.AbstractContextLoader - Did not detect default resource location for test class [pracs1.springboot.web.IndexControllerTest]: class path resource [pracs1/springboot/web/IndexControllerTest-context.xml] does not exist
19:39:51.256 [Test worker] DEBUG org.springframework.test.context.support.AbstractContextLoader - Did not detect default resource location for test class [pracs1.springboot.web.IndexControllerTest]: class path resource [pracs1/springboot/web/IndexControllerTestContext.groovy] does not exist
19:39:51.257 [Test worker] INFO org.springframework.test.context.support.AbstractContextLoader - Could not detect default resource locations for test class [pracs1.springboot.web.IndexControllerTest]: no resource found for suffixes {-context.xml, Context.groovy}.
19:39:51.259 [Test worker] INFO org.springframework.test.context.support.AnnotationConfigContextLoaderUtils - Could not detect default configuration classes for test class [pracs1.springboot.web.IndexControllerTest]: IndexControllerTest does not declare any static, non-private, non-final, nested classes annotated with @Configuration.
19:39:51.346 [Test worker] DEBUG org.springframework.test.context.support.ActiveProfilesUtils - Could not find an 'annotation declaring class' for annotation type [org.springframework.test.context.ActiveProfiles] and class [pracs1.springboot.web.IndexControllerTest]
19:39:51.509 [Test worker] DEBUG org.springframework.context.annotation.ClassPathScanningCandidateComponentProvider - Identified candidate component class: file [D:\pracs1\build\classes\java\main\pracs1\springboot\Application.class]
19:39:51.511 [Test worker] INFO org.springframework.boot.test.context.SpringBootTestContextBootstrapper - Found @SpringBootConfiguration pracs1.springboot.Application for test class pracs1.springboot.web.IndexControllerTest
19:39:51.763 [Test worker] DEBUG org.springframework.boot.test.context.SpringBootTestContextBootstrapper - @TestExecutionListeners is not present for class [pracs1.springboot.web.IndexControllerTest]: using defaults.
19:39:51.764 [Test worker] INFO org.springframework.boot.test.context.SpringBootTestContextBootstrapper - Loaded default TestExecutionListener class names from location [META-INF/spring.factories]: [org.springframework.security.test.context.support.WithSecurityContextTestExecutionListener, org.springframework.security.test.context.support.ReactorContextTestExecutionListener, org.springframework.boot.test.autoconfigure.restdocs.RestDocsTestExecutionListener, org.springframework.boot.test.autoconfigure.web.client.MockRestServiceServerResetTestExecutionListener, org.springframework.boot.test.autoconfigure.web.servlet.MockMvcPrintOnlyOnFailureTestExecutionListener, org.springframework.boot.test.autoconfigure.web.servlet.WebDriverTestExecutionListener, org.springframework.boot.test.autoconfigure.webservices.client.MockWebServiceServerTestExecutionListener, org.springframework.boot.test.mock.mockito.MockitoTestExecutionListener, org.springframework.boot.test.mock.mockito.ResetMocksTestExecutionListener, org.springframework.test.context.web.ServletTestExecutionListener, org.springframework.test.context.support.DirtiesContextBeforeModesTestExecutionListener, org.springframework.test.context.support.DependencyInjectionTestExecutionListener, org.springframework.test.context.support.DirtiesContextTestExecutionListener, org.springframework.test.context.transaction.TransactionalTestExecutionListener, org.springframework.test.context.jdbc.SqlScriptsTestExecutionListener, org.springframework.test.context.event.EventPublishingTestExecutionListener]
19:39:51.809 [Test worker] INFO org.springframework.boot.test.context.SpringBootTestContextBootstrapper - Using TestExecutionListeners: [org.springframework.test.context.web.ServletTestExecutionListener@21570a70, org.springframework.test.context.support.DirtiesContextBeforeModesTestExecutionListener@58b58289, org.springframework.boot.test.mock.mockito.MockitoTestExecutionListener@65e5b78d, org.springframework.boot.test.autoconfigure.SpringBootDependencyInjectionTestExecutionListener@41031bd, org.springframework.test.context.support.DirtiesContextTestExecutionListener@1d8dafc5, org.springframework.test.context.transaction.TransactionalTestExecutionListener@6958c737, org.springframework.test.context.jdbc.SqlScriptsTestExecutionListener@21c94c4e, org.springframework.security.test.context.support.WithSecurityContextTestExecutionListener@24511c13, org.springframework.test.context.event.EventPublishingTestExecutionListener@54d27cdb, org.springframework.security.test.context.support.ReactorContextTestExecutionListener@7b1c7809, org.springframework.boot.test.autoconfigure.restdocs.RestDocsTestExecutionListener@105ce018, org.springframework.boot.test.autoconfigure.web.client.MockRestServiceServerResetTestExecutionListener@3cc1c784, org.springframework.boot.test.autoconfigure.web.servlet.MockMvcPrintOnlyOnFailureTestExecutionListener@7bb24063, org.springframework.boot.test.autoconfigure.web.servlet.WebDriverTestExecutionListener@63f6b32c, org.springframework.boot.test.autoconfigure.webservices.client.MockWebServiceServerTestExecutionListener@14ddc36a, org.springframework.boot.test.mock.mockito.ResetMocksTestExecutionListener@2692db92]
19:39:51.816 [Test worker] DEBUG org.springframework.test.context.support.AbstractDirtiesContextTestExecutionListener - Before test class: context [DefaultTestContext@7f23b6e9 testClass = IndexControllerTest, testInstance = [null], testMethod = [null], testException = [null], mergedContextConfiguration = [WebMergedContextConfiguration@49a83295 testClass = IndexControllerTest, locations = '{}', classes = '{class pracs1.springboot.Application}', contextInitializerClasses = '[]', activeProfiles = '{}', propertySourceLocations = '{}', propertySourceProperties = '{org.springframework.boot.test.context.SpringBootTestContextBootstrapper=true, server.port=0}', contextCustomizers = set[org.springframework.boot.test.autoconfigure.actuate.metrics.MetricsExportContextCustomizerFactory$DisableMetricExportContextCustomizer@2d38b656, org.springframework.boot.test.autoconfigure.properties.PropertyMappingContextCustomizer@0, org.springframework.boot.test.autoconfigure.web.servlet.WebDriverContextCustomizerFactory$Customizer@36770d73, org.springframework.boot.test.context.filter.ExcludeFilterContextCustomizer@61579631, org.springframework.boot.test.json.DuplicateJsonObjectContextCustomizerFactory$DuplicateJsonObjectContextCustomizer@6026dd83, org.springframework.boot.test.mock.mockito.MockitoContextCustomizer@0, org.springframework.boot.test.web.client.TestRestTemplateContextCustomizer@1840ca24, org.springframework.boot.test.context.SpringBootTestArgs@1, org.springframework.boot.test.context.SpringBootTestWebEnvironment@72e06edb], resourceBasePath = 'src/main/webapp', contextLoader = 'org.springframework.boot.test.context.SpringBootContextLoader', parent = [null]], attributes = map['org.springframework.test.context.web.ServletTestExecutionListener.activateListener' -> false]], class annotated with @DirtiesContext [false] with mode [null].
19:39:51.840 [Test worker] DEBUG org.springframework.test.context.support.DependencyInjectionTestExecutionListener - Performing dependency injection for test context [[DefaultTestContext@7f23b6e9 testClass = IndexControllerTest, testInstance = pracs1.springboot.web.IndexControllerTest@256e05c7, testMethod = [null], testException = [null], mergedContextConfiguration = [WebMergedContextConfiguration@49a83295 testClass = IndexControllerTest, locations = '{}', classes = '{class pracs1.springboot.Application}', contextInitializerClasses = '[]', activeProfiles = '{}', propertySourceLocations = '{}', propertySourceProperties = '{org.springframework.boot.test.context.SpringBootTestContextBootstrapper=true, server.port=0}', contextCustomizers = set[org.springframework.boot.test.autoconfigure.actuate.metrics.MetricsExportContextCustomizerFactory$DisableMetricExportContextCustomizer@2d38b656, org.springframework.boot.test.autoconfigure.properties.PropertyMappingContextCustomizer@0, org.springframework.boot.test.autoconfigure.web.servlet.WebDriverContextCustomizerFactory$Customizer@36770d73, org.springframework.boot.test.context.filter.ExcludeFilterContextCustomizer@61579631, org.springframework.boot.test.json.DuplicateJsonObjectContextCustomizerFactory$DuplicateJsonObjectContextCustomizer@6026dd83, org.springframework.boot.test.mock.mockito.MockitoContextCustomizer@0, org.springframework.boot.test.web.client.TestRestTemplateContextCustomizer@1840ca24, org.springframework.boot.test.context.SpringBootTestArgs@1, org.springframework.boot.test.context.SpringBootTestWebEnvironment@72e06edb], resourceBasePath = 'src/main/webapp', contextLoader = 'org.springframework.boot.test.context.SpringBootContextLoader', parent = [null]], attributes = map['org.springframework.test.context.web.ServletTestExecutionListener.activateListener' -> false]]].
19:39:51.880 [Test worker] DEBUG org.springframework.test.context.support.TestPropertySourceUtils - Adding inlined properties to environment: {spring.jmx.enabled=false, org.springframework.boot.test.context.SpringBootTestContextBootstrapper=true, server.port=0}

  .   ____          _            __ _ _
 /\\ / ___'_ __ _ _(_)_ __  __ _ \ \ \ \
( ( )\___ | '_ | '_| | '_ \/ _` | \ \ \ \
 \\/  ___)| |_)| | | | | || (_| |  ) ) ) )
  '  |____| .__|_| |_|_| |_\__, | / / / /
 =========|_|==============|___/=/_/_/_/
 :: Spring Boot ::                (v2.4.1)

2022-04-20 19:39:52.595  INFO 17888 --- [    Test worker] p.springboot.web.IndexControllerTest     : Starting IndexControllerTest using Java 1.8.0_321 on DESKTOP-U26GOSF with PID 17888 (started by 권태현 in D:\pracs1)
2022-04-20 19:39:52.599  INFO 17888 --- [    Test worker] p.springboot.web.IndexControllerTest     : No active profile set, falling back to default profiles: default
2022-04-20 19:39:54.075  INFO 17888 --- [    Test worker] .s.d.r.c.RepositoryConfigurationDelegate : Bootstrapping Spring Data JPA repositories in DEFAULT mode.
2022-04-20 19:39:54.223  INFO 17888 --- [    Test worker] .s.d.r.c.RepositoryConfigurationDelegate : Finished Spring Data repository scanning in 130 ms. Found 2 JPA repository interfaces.
2022-04-20 19:39:55.970  INFO 17888 --- [    Test worker] o.s.b.w.embedded.tomcat.TomcatWebServer  : Tomcat initialized with port(s): 0 (http)
2022-04-20 19:39:55.997  INFO 17888 --- [    Test worker] o.apache.catalina.core.StandardService   : Starting service [Tomcat]
2022-04-20 19:39:55.998  INFO 17888 --- [    Test worker] org.apache.catalina.core.StandardEngine  : Starting Servlet engine: [Apache Tomcat/9.0.41]
2022-04-20 19:39:56.215  INFO 17888 --- [    Test worker] o.a.c.c.C.[Tomcat].[localhost].[/]       : Initializing Spring embedded WebApplicationContext
2022-04-20 19:39:56.216  INFO 17888 --- [    Test worker] w.s.c.ServletWebServerApplicationContext : Root WebApplicationContext: initialization completed in 3576 ms
2022-04-20 19:39:56.919  INFO 17888 --- [    Test worker] o.hibernate.jpa.internal.util.LogHelper  : HHH000204: Processing PersistenceUnitInfo [name: default]
2022-04-20 19:39:57.040  INFO 17888 --- [    Test worker] org.hibernate.Version                    : HHH000412: Hibernate ORM core version 5.4.25.Final
2022-04-20 19:39:57.416  INFO 17888 --- [    Test worker] o.hibernate.annotations.common.Version   : HCANN000001: Hibernate Commons Annotations {5.1.2.Final}
2022-04-20 19:39:57.650  INFO 17888 --- [    Test worker] com.zaxxer.hikari.HikariDataSource       : HikariPool-1 - Starting...
2022-04-20 19:39:57.782  INFO 17888 --- [    Test worker] com.zaxxer.hikari.HikariDataSource       : HikariPool-1 - Start completed.
2022-04-20 19:39:57.873  INFO 17888 --- [    Test worker] org.hibernate.dialect.Dialect            : HHH000400: Using dialect: org.hibernate.dialect.H2Dialect
Hibernate: 
    
    drop table if exists posts CASCADE 
Hibernate: 
    
    drop table if exists user CASCADE 
Hibernate: 
    
    create table posts (
       id bigint generated by default as identity,
        created_date timestamp,
        modified_date timestamp,
        author varchar(255),
        content TEXT not null,
        title varchar(500) not null,
        primary key (id)
    )
Hibernate: 
    
    create table user (
       id bigint generated by default as identity,
        created_date timestamp,
        modified_date timestamp,
        email varchar(255) not null,
        name varchar(255) not null,
        pictures varchar(255),
        role varchar(255) not null,
        primary key (id)
    )
2022-04-20 19:39:59.253  INFO 17888 --- [    Test worker] o.h.e.t.j.p.i.JtaPlatformInitiator       : HHH000490: Using JtaPlatform implementation: [org.hibernate.engine.transaction.jta.platform.internal.NoJtaPlatform]
2022-04-20 19:39:59.274  INFO 17888 --- [    Test worker] j.LocalContainerEntityManagerFactoryBean : Initialized JPA EntityManagerFactory for persistence unit 'default'
2022-04-20 19:40:00.917  WARN 17888 --- [    Test worker] JpaBaseConfiguration$JpaWebConfiguration : spring.jpa.open-in-view is enabled by default. Therefore, database queries may be performed during view rendering. Explicitly configure spring.jpa.open-in-view to disable this warning
2022-04-20 19:40:01.988  INFO 17888 --- [    Test worker] o.s.s.web.DefaultSecurityFilterChain     : Will secure any request with [org.springframework.security.web.context.request.async.WebAsyncManagerIntegrationFilter@526c0d1f, org.springframework.security.web.context.SecurityContextPersistenceFilter@699a5ecf, org.springframework.security.web.header.HeaderWriterFilter@3ea10210, org.springframework.security.web.authentication.logout.LogoutFilter@5787591, org.springframework.security.oauth2.client.web.OAuth2AuthorizationRequestRedirectFilter@5ba72a38, org.springframework.security.oauth2.client.web.OAuth2LoginAuthenticationFilter@665373bf, org.springframework.security.web.authentication.ui.DefaultLoginPageGeneratingFilter@5289c48, org.springframework.security.web.authentication.ui.DefaultLogoutPageGeneratingFilter@2ea00bbe, org.springframework.security.web.savedrequest.RequestCacheAwareFilter@5d5a5efc, org.springframework.security.web.servletapi.SecurityContextHolderAwareRequestFilter@7f21475f, org.springframework.security.web.authentication.AnonymousAuthenticationFilter@e97e8dc, org.springframework.security.web.session.SessionManagementFilter@225d26de, org.springframework.security.web.access.ExceptionTranslationFilter@4e1c2080, org.springframework.security.web.access.intercept.FilterSecurityInterceptor@7e1f0d01]
2022-04-20 19:40:02.553  INFO 17888 --- [    Test worker] o.s.s.concurrent.ThreadPoolTaskExecutor  : Initializing ExecutorService 'applicationTaskExecutor'
2022-04-20 19:40:02.831  INFO 17888 --- [    Test worker] o.s.b.a.w.s.WelcomePageHandlerMapping    : Adding welcome page template: index
2022-04-20 19:40:03.635  INFO 17888 --- [    Test worker] o.s.b.w.embedded.tomcat.TomcatWebServer  : Tomcat started on port(s): 3661 (http) with context path ''
2022-04-20 19:40:03.661  INFO 17888 --- [    Test worker] s.a.ScheduledAnnotationBeanPostProcessor : No TaskScheduler/ScheduledExecutorService bean found for scheduled processing
2022-04-20 19:40:03.680  INFO 17888 --- [    Test worker] p.springboot.web.IndexControllerTest     : Started IndexControllerTest in 11.797 seconds (JVM running for 14.497)
2022-04-20 19:40:04.017  INFO 17888 --- [o-auto-1-exec-1] o.a.c.c.C.[Tomcat].[localhost].[/]       : Initializing Spring DispatcherServlet 'dispatcherServlet'
2022-04-20 19:40:04.018  INFO 17888 --- [o-auto-1-exec-1] o.s.web.servlet.DispatcherServlet        : Initializing Servlet 'dispatcherServlet'
2022-04-20 19:40:04.021  INFO 17888 --- [o-auto-1-exec-1] o.s.web.servlet.DispatcherServlet        : Completed initialization in 3 ms
Hibernate: 
    select
        posts0_.id as id1_0_,
        posts0_.created_date as created_2_0_,
        posts0_.modified_date as modified3_0_,
        posts0_.author as author4_0_,
        posts0_.content as content5_0_,
        posts0_.title as title6_0_ 
    from
        posts posts0_ 
    order by
        posts0_.id DESC
]]></system-out>
  <system-err><![CDATA[]]></system-err>
</testsuite>
