<?xml version="1.0" encoding="UTF-8"?>
<testsuite name="pracs1.springboot.web.HelloControllerTest" tests="2" skipped="0" failures="0" errors="0" timestamp="2022-04-26T02:39:13" hostname="DESKTOP-U26GOSF" time="0.282">
  <properties/>
  <testcase name="helloDto리턴()" classname="pracs1.springboot.web.HelloControllerTest" time="0.266"/>
  <testcase name="hello가_리턴된다()" classname="pracs1.springboot.web.HelloControllerTest" time="0.015"/>
  <system-out><![CDATA[2022-04-26 11:39:12.023  INFO 4572 --- [    Test worker] .b.t.a.w.s.WebMvcTestContextBootstrapper : Neither @ContextConfiguration nor @ContextHierarchy found for test class [pracs1.springboot.web.HelloControllerTest], using SpringBootContextLoader
2022-04-26 11:39:12.024  INFO 4572 --- [    Test worker] o.s.t.c.support.AbstractContextLoader    : Could not detect default resource locations for test class [pracs1.springboot.web.HelloControllerTest]: no resource found for suffixes {-context.xml, Context.groovy}.
2022-04-26 11:39:12.024  INFO 4572 --- [    Test worker] t.c.s.AnnotationConfigContextLoaderUtils : Could not detect default configuration classes for test class [pracs1.springboot.web.HelloControllerTest]: HelloControllerTest does not declare any static, non-private, non-final, nested classes annotated with @Configuration.
2022-04-26 11:39:12.053  INFO 4572 --- [    Test worker] .b.t.c.SpringBootTestContextBootstrapper : Found @SpringBootConfiguration pracs1.springboot.Application for test class pracs1.springboot.web.HelloControllerTest
2022-04-26 11:39:12.054  INFO 4572 --- [    Test worker] .b.t.a.w.s.WebMvcTestContextBootstrapper : Loaded default TestExecutionListener class names from location [META-INF/spring.factories]: [org.springframework.security.test.context.support.WithSecurityContextTestExecutionListener, org.springframework.security.test.context.support.ReactorContextTestExecutionListener, org.springframework.boot.test.autoconfigure.restdocs.RestDocsTestExecutionListener, org.springframework.boot.test.autoconfigure.web.client.MockRestServiceServerResetTestExecutionListener, org.springframework.boot.test.autoconfigure.web.servlet.MockMvcPrintOnlyOnFailureTestExecutionListener, org.springframework.boot.test.autoconfigure.web.servlet.WebDriverTestExecutionListener, org.springframework.boot.test.autoconfigure.webservices.client.MockWebServiceServerTestExecutionListener, org.springframework.boot.test.mock.mockito.MockitoTestExecutionListener, org.springframework.boot.test.mock.mockito.ResetMocksTestExecutionListener, org.springframework.test.context.web.ServletTestExecutionListener, org.springframework.test.context.support.DirtiesContextBeforeModesTestExecutionListener, org.springframework.test.context.support.DependencyInjectionTestExecutionListener, org.springframework.test.context.support.DirtiesContextTestExecutionListener, org.springframework.test.context.transaction.TransactionalTestExecutionListener, org.springframework.test.context.jdbc.SqlScriptsTestExecutionListener, org.springframework.test.context.event.EventPublishingTestExecutionListener]
2022-04-26 11:39:12.056  INFO 4572 --- [    Test worker] .b.t.a.w.s.WebMvcTestContextBootstrapper : Using TestExecutionListeners: [org.springframework.test.context.web.ServletTestExecutionListener@43813ed3, org.springframework.test.context.support.DirtiesContextBeforeModesTestExecutionListener@43b5526c, org.springframework.boot.test.mock.mockito.MockitoTestExecutionListener@35695dc5, org.springframework.boot.test.autoconfigure.SpringBootDependencyInjectionTestExecutionListener@17f58bc4, org.springframework.test.context.support.DirtiesContextTestExecutionListener@5dc8584f, org.springframework.test.context.transaction.TransactionalTestExecutionListener@340747a8, org.springframework.test.context.jdbc.SqlScriptsTestExecutionListener@4b7fa398, org.springframework.security.test.context.support.WithSecurityContextTestExecutionListener@706faa98, org.springframework.test.context.event.EventPublishingTestExecutionListener@6f7a9efa, org.springframework.security.test.context.support.ReactorContextTestExecutionListener@61cebeba, org.springframework.boot.test.autoconfigure.restdocs.RestDocsTestExecutionListener@571bb278, org.springframework.boot.test.autoconfigure.web.client.MockRestServiceServerResetTestExecutionListener@5aadf969, org.springframework.boot.test.autoconfigure.web.servlet.MockMvcPrintOnlyOnFailureTestExecutionListener@611b3188, org.springframework.boot.test.autoconfigure.web.servlet.WebDriverTestExecutionListener@7534687f, org.springframework.boot.test.autoconfigure.webservices.client.MockWebServiceServerTestExecutionListener@7fb69cd3, org.springframework.boot.test.mock.mockito.ResetMocksTestExecutionListener@4ae544fd]

  .   ____          _            __ _ _
 /\\ / ___'_ __ _ _(_)_ __  __ _ \ \ \ \
( ( )\___ | '_ | '_| | '_ \/ _` | \ \ \ \
 \\/  ___)| |_)| | | | | || (_| |  ) ) ) )
  '  |____| .__|_| |_|_| |_\__, | / / / /
 =========|_|==============|___/=/_/_/_/
 :: Spring Boot ::                (v2.4.1)

2022-04-26 11:39:12.096  INFO 4572 --- [    Test worker] p.springboot.web.HelloControllerTest     : Starting HelloControllerTest using Java 1.8.0_321 on DESKTOP-U26GOSF with PID 4572 (started by 권태현 in D:\pracs1)
2022-04-26 11:39:12.097  INFO 4572 --- [    Test worker] p.springboot.web.HelloControllerTest     : No active profile set, falling back to default profiles: default
2022-04-26 11:39:12.700  INFO 4572 --- [    Test worker] o.s.s.concurrent.ThreadPoolTaskExecutor  : Initializing ExecutorService 'applicationTaskExecutor'
2022-04-26 11:39:12.765  INFO 4572 --- [    Test worker] o.s.b.a.w.s.WelcomePageHandlerMapping    : Adding welcome page template: index
2022-04-26 11:39:13.332  INFO 4572 --- [    Test worker] o.s.s.web.DefaultSecurityFilterChain     : Will secure any request with [org.springframework.security.web.context.request.async.WebAsyncManagerIntegrationFilter@26271964, org.springframework.security.web.context.SecurityContextPersistenceFilter@5d96fe9f, org.springframework.security.web.header.HeaderWriterFilter@21d3da84, org.springframework.security.web.csrf.CsrfFilter@c8ec1c5, org.springframework.security.web.authentication.logout.LogoutFilter@1137e3e2, org.springframework.security.oauth2.client.web.OAuth2AuthorizationRequestRedirectFilter@a0989ff, org.springframework.security.oauth2.client.web.OAuth2AuthorizationRequestRedirectFilter@386baa43, org.springframework.security.oauth2.client.web.OAuth2LoginAuthenticationFilter@57ea1787, org.springframework.security.web.authentication.ui.DefaultLoginPageGeneratingFilter@6546b434, org.springframework.security.web.authentication.ui.DefaultLogoutPageGeneratingFilter@8d69641, org.springframework.security.web.savedrequest.RequestCacheAwareFilter@5204d020, org.springframework.security.web.servletapi.SecurityContextHolderAwareRequestFilter@6dbc371e, org.springframework.security.web.authentication.AnonymousAuthenticationFilter@4cbda1a6, org.springframework.security.oauth2.client.web.OAuth2AuthorizationCodeGrantFilter@6164b964, org.springframework.security.web.session.SessionManagementFilter@5b29b792, org.springframework.security.web.access.ExceptionTranslationFilter@4b9880a5, org.springframework.security.web.access.intercept.FilterSecurityInterceptor@10874ce9]
2022-04-26 11:39:13.481  INFO 4572 --- [    Test worker] o.s.b.t.m.w.SpringBootMockServletContext : Initializing Spring TestDispatcherServlet ''
2022-04-26 11:39:13.481  INFO 4572 --- [    Test worker] o.s.t.web.servlet.TestDispatcherServlet  : Initializing Servlet ''
2022-04-26 11:39:13.482  INFO 4572 --- [    Test worker] o.s.t.web.servlet.TestDispatcherServlet  : Completed initialization in 1 ms
2022-04-26 11:39:13.504  INFO 4572 --- [    Test worker] p.springboot.web.HelloControllerTest     : Started HelloControllerTest in 1.445 seconds (JVM running for 15.081)
]]></system-out>
  <system-err><![CDATA[]]></system-err>
</testsuite>
