<?xml version="1.0" encoding="UTF-8"?>
<testsuite name="pracs1.springboot.pagination.PaginationTest" tests="4" skipped="0" failures="0" errors="0" timestamp="2022-04-26T02:39:11" hostname="DESKTOP-U26GOSF" time="0.01">
  <properties/>
  <testcase name="PaginationConstTest()" classname="pracs1.springboot.pagination.PaginationTest" time="0.007"/>
  <testcase name="validationCommonTest()" classname="pracs1.springboot.pagination.PaginationTest" time="0.001"/>
  <testcase name="validationZeroTest()" classname="pracs1.springboot.pagination.PaginationTest" time="0.001"/>
  <testcase name="indexPaginationCreateTest()" classname="pracs1.springboot.pagination.PaginationTest" time="0.001"/>
  <system-out><![CDATA[]]></system-out>
  <system-err><![CDATA[]]></system-err>
</testsuite>
