<?xml version="1.0" encoding="UTF-8"?>
<testsuite name="pracs1.springboot.service.posts.PostsServiceTest" tests="1" skipped="0" failures="0" errors="0" timestamp="2022-04-26T01:50:59" hostname="DESKTOP-U26GOSF" time="0.048">
  <properties/>
  <testcase name="findListpagingTest()" classname="pracs1.springboot.service.posts.PostsServiceTest" time="0.048"/>
  <system-out><![CDATA[2022-04-26 10:50:59.702  INFO 8636 --- [    Test worker] .b.t.c.SpringBootTestContextBootstrapper : Neither @ContextConfiguration nor @ContextHierarchy found for test class [pracs1.springboot.service.posts.PostsServiceTest], using SpringBootContextLoader
2022-04-26 10:50:59.704  INFO 8636 --- [    Test worker] o.s.t.c.support.AbstractContextLoader    : Could not detect default resource locations for test class [pracs1.springboot.service.posts.PostsServiceTest]: no resource found for suffixes {-context.xml, Context.groovy}.
2022-04-26 10:50:59.704  INFO 8636 --- [    Test worker] t.c.s.AnnotationConfigContextLoaderUtils : Could not detect default configuration classes for test class [pracs1.springboot.service.posts.PostsServiceTest]: PostsServiceTest does not declare any static, non-private, non-final, nested classes annotated with @Configuration.
2022-04-26 10:50:59.716  INFO 8636 --- [    Test worker] .b.t.c.SpringBootTestContextBootstrapper : Found @SpringBootConfiguration pracs1.springboot.Application for test class pracs1.springboot.service.posts.PostsServiceTest
2022-04-26 10:50:59.718  INFO 8636 --- [    Test worker] .b.t.c.SpringBootTestContextBootstrapper : Loaded default TestExecutionListener class names from location [META-INF/spring.factories]: [org.springframework.security.test.context.support.WithSecurityContextTestExecutionListener, org.springframework.security.test.context.support.ReactorContextTestExecutionListener, org.springframework.boot.test.autoconfigure.restdocs.RestDocsTestExecutionListener, org.springframework.boot.test.autoconfigure.web.client.MockRestServiceServerResetTestExecutionListener, org.springframework.boot.test.autoconfigure.web.servlet.MockMvcPrintOnlyOnFailureTestExecutionListener, org.springframework.boot.test.autoconfigure.web.servlet.WebDriverTestExecutionListener, org.springframework.boot.test.autoconfigure.webservices.client.MockWebServiceServerTestExecutionListener, org.springframework.boot.test.mock.mockito.MockitoTestExecutionListener, org.springframework.boot.test.mock.mockito.ResetMocksTestExecutionListener, org.springframework.test.context.web.ServletTestExecutionListener, org.springframework.test.context.support.DirtiesContextBeforeModesTestExecutionListener, org.springframework.test.context.support.DependencyInjectionTestExecutionListener, org.springframework.test.context.support.DirtiesContextTestExecutionListener, org.springframework.test.context.transaction.TransactionalTestExecutionListener, org.springframework.test.context.jdbc.SqlScriptsTestExecutionListener, org.springframework.test.context.event.EventPublishingTestExecutionListener]
2022-04-26 10:50:59.719  INFO 8636 --- [    Test worker] .b.t.c.SpringBootTestContextBootstrapper : Using TestExecutionListeners: [org.springframework.test.context.web.ServletTestExecutionListener@6fa503a9, org.springframework.test.context.support.DirtiesContextBeforeModesTestExecutionListener@36e39b74, org.springframework.boot.test.mock.mockito.MockitoTestExecutionListener@225e56b5, org.springframework.boot.test.autoconfigure.SpringBootDependencyInjectionTestExecutionListener@482254a6, org.springframework.test.context.support.DirtiesContextTestExecutionListener@f5dbe40, org.springframework.test.context.transaction.TransactionalTestExecutionListener@25cfbce4, org.springframework.test.context.jdbc.SqlScriptsTestExecutionListener@75f4bd16, org.springframework.security.test.context.support.WithSecurityContextTestExecutionListener@2fa9506a, org.springframework.test.context.event.EventPublishingTestExecutionListener@4de45461, org.springframework.security.test.context.support.ReactorContextTestExecutionListener@1514e9a5, org.springframework.boot.test.autoconfigure.restdocs.RestDocsTestExecutionListener@45d8ea1c, org.springframework.boot.test.autoconfigure.web.client.MockRestServiceServerResetTestExecutionListener@2017c8cd, org.springframework.boot.test.autoconfigure.web.servlet.MockMvcPrintOnlyOnFailureTestExecutionListener@4f3fc7f2, org.springframework.boot.test.autoconfigure.web.servlet.WebDriverTestExecutionListener@7d544671, org.springframework.boot.test.autoconfigure.webservices.client.MockWebServiceServerTestExecutionListener@7f5edbcd, org.springframework.boot.test.mock.mockito.ResetMocksTestExecutionListener@6111254b]
2022-04-26 10:50:59.726  INFO 8636 --- [    Test worker] o.s.t.c.transaction.TransactionContext   : Began transaction (1) for test context [DefaultTestContext@6ec2b91e testClass = PostsServiceTest, testInstance = pracs1.springboot.service.posts.PostsServiceTest@3d477c14, testMethod = findListpagingTest@PostsServiceTest, testException = [null], mergedContextConfiguration = [WebMergedContextConfiguration@747dedae testClass = PostsServiceTest, locations = '{}', classes = '{class pracs1.springboot.Application}', contextInitializerClasses = '[]', activeProfiles = '{}', propertySourceLocations = '{}', propertySourceProperties = '{org.springframework.boot.test.context.SpringBootTestContextBootstrapper=true}', contextCustomizers = set[org.springframework.boot.test.autoconfigure.actuate.metrics.MetricsExportContextCustomizerFactory$DisableMetricExportContextCustomizer@11aafdf9, org.springframework.boot.test.autoconfigure.properties.PropertyMappingContextCustomizer@0, org.springframework.boot.test.autoconfigure.web.servlet.WebDriverContextCustomizerFactory$Customizer@3e68dfab, org.springframework.boot.test.context.filter.ExcludeFilterContextCustomizer@271d87b8, org.springframework.boot.test.json.DuplicateJsonObjectContextCustomizerFactory$DuplicateJsonObjectContextCustomizer@4bb28245, org.springframework.boot.test.mock.mockito.MockitoContextCustomizer@0, org.springframework.boot.test.web.client.TestRestTemplateContextCustomizer@4d708248, org.springframework.boot.test.context.SpringBootTestArgs@1, org.springframework.boot.test.context.SpringBootTestWebEnvironment@24ed8f4], resourceBasePath = 'src/main/webapp', contextLoader = 'org.springframework.boot.test.context.SpringBootContextLoader', parent = [null]], attributes = map['org.springframework.test.context.web.ServletTestExecutionListener.activateListener' -> true, 'org.springframework.test.context.web.ServletTestExecutionListener.populatedRequestContextHolder' -> true, 'org.springframework.test.context.web.ServletTestExecutionListener.resetRequestContextHolder' -> true]]; transaction manager [org.springframework.orm.jpa.JpaTransactionManager@46edeabd]; rollback [true]
Hibernate: insert into posts (id, created_date, modified_date, author, content, title) values (null, ?, ?, ?, ?, ?)
Hibernate: insert into posts (id, created_date, modified_date, author, content, title) values (null, ?, ?, ?, ?, ?)
Hibernate: insert into posts (id, created_date, modified_date, author, content, title) values (null, ?, ?, ?, ?, ?)
Hibernate: insert into posts (id, created_date, modified_date, author, content, title) values (null, ?, ?, ?, ?, ?)
Hibernate: insert into posts (id, created_date, modified_date, author, content, title) values (null, ?, ?, ?, ?, ?)
Hibernate: insert into posts (id, created_date, modified_date, author, content, title) values (null, ?, ?, ?, ?, ?)
Hibernate: insert into posts (id, created_date, modified_date, author, content, title) values (null, ?, ?, ?, ?, ?)
Hibernate: insert into posts (id, created_date, modified_date, author, content, title) values (null, ?, ?, ?, ?, ?)
Hibernate: insert into posts (id, created_date, modified_date, author, content, title) values (null, ?, ?, ?, ?, ?)
Hibernate: insert into posts (id, created_date, modified_date, author, content, title) values (null, ?, ?, ?, ?, ?)
Hibernate: insert into posts (id, created_date, modified_date, author, content, title) values (null, ?, ?, ?, ?, ?)
Hibernate: select posts0_.id as id1_0_, posts0_.created_date as created_2_0_, posts0_.modified_date as modified3_0_, posts0_.author as author4_0_, posts0_.content as content5_0_, posts0_.title as title6_0_ from posts posts0_ order by posts0_.id DESC
2022-04-26 10:50:59.771  INFO 8636 --- [    Test worker] o.s.t.c.transaction.TransactionContext   : Rolled back transaction for test: [DefaultTestContext@6ec2b91e testClass = PostsServiceTest, testInstance = pracs1.springboot.service.posts.PostsServiceTest@3d477c14, testMethod = findListpagingTest@PostsServiceTest, testException = [null], mergedContextConfiguration = [WebMergedContextConfiguration@747dedae testClass = PostsServiceTest, locations = '{}', classes = '{class pracs1.springboot.Application}', contextInitializerClasses = '[]', activeProfiles = '{}', propertySourceLocations = '{}', propertySourceProperties = '{org.springframework.boot.test.context.SpringBootTestContextBootstrapper=true}', contextCustomizers = set[org.springframework.boot.test.autoconfigure.actuate.metrics.MetricsExportContextCustomizerFactory$DisableMetricExportContextCustomizer@11aafdf9, org.springframework.boot.test.autoconfigure.properties.PropertyMappingContextCustomizer@0, org.springframework.boot.test.autoconfigure.web.servlet.WebDriverContextCustomizerFactory$Customizer@3e68dfab, org.springframework.boot.test.context.filter.ExcludeFilterContextCustomizer@271d87b8, org.springframework.boot.test.json.DuplicateJsonObjectContextCustomizerFactory$DuplicateJsonObjectContextCustomizer@4bb28245, org.springframework.boot.test.mock.mockito.MockitoContextCustomizer@0, org.springframework.boot.test.web.client.TestRestTemplateContextCustomizer@4d708248, org.springframework.boot.test.context.SpringBootTestArgs@1, org.springframework.boot.test.context.SpringBootTestWebEnvironment@24ed8f4], resourceBasePath = 'src/main/webapp', contextLoader = 'org.springframework.boot.test.context.SpringBootContextLoader', parent = [null]], attributes = map['org.springframework.test.context.web.ServletTestExecutionListener.activateListener' -> true, 'org.springframework.test.context.web.ServletTestExecutionListener.populatedRequestContextHolder' -> true, 'org.springframework.test.context.web.ServletTestExecutionListener.resetRequestContextHolder' -> true]]
]]></system-out>
  <system-err><![CDATA[]]></system-err>
</testsuite>
